<?xml version="1.0" encoding="utf-8"?>
<CoverageSession xmlns:xsd="http://www.w3.org/2001/XMLSchema" xmlns:xsi="http://www.w3.org/2001/XMLSchema-instance">
  <Modules>
    <Module skippedDueTo="Filter" hash="12-65-6A-66-2E-D6-63-35-62-65-A9-F9-3A-99-F3-2E-1A-A3-76-A4">
      <FullName>C:\Windows\Microsoft.Net\assembly\GAC_32\mscorlib\v4.0_4.0.0.0__b77a5c561934e089\mscorlib.dll</FullName>
      <ModuleName>mscorlib</ModuleName>
      <Classes />
    </Module>
    <Module skippedDueTo="MissingPdb" hash="F2-88-6F-25-4E-20-75-4B-26-EB-92-FB-BB-B2-61-C4-AE-3C-02-C0">
      <FullName>D:\Apps\SharpDevelop\bin\Tools\NUnit\nunit-console-x86.exe</FullName>
      <ModuleName>nunit-console</ModuleName>
      <Classes />
    </Module>
    <Module skippedDueTo="MissingPdb" hash="33-E1-CA-24-52-5A-B7-C7-C4-AF-91-2C-A9-4A-C0-37-67-0D-5B-FE">
      <FullName>D:\Apps\SharpDevelop\bin\Tools\NUnit\lib\nunit.core.dll</FullName>
      <ModuleName>nunit.core</ModuleName>
      <Classes />
    </Module>
    <Module skippedDueTo="MissingPdb" hash="2A-C4-E5-DE-F3-EE-AD-84-E1-65-84-CC-15-90-76-96-E7-01-44-4E">
      <FullName>D:\Apps\SharpDevelop\bin\Tools\NUnit\lib\nunit-console-runner.dll</FullName>
      <ModuleName>nunit-console-runner</ModuleName>
      <Classes />
    </Module>
    <Module skippedDueTo="MissingPdb" hash="74-74-F6-87-59-E1-5F-4F-5F-5E-6E-82-50-E8-E2-46-D4-86-15-76">
      <FullName>D:\Apps\SharpDevelop\bin\Tools\NUnit\lib\nunit.util.dll</FullName>
      <ModuleName>nunit.util</ModuleName>
      <Classes />
    </Module>
    <Module skippedDueTo="MissingPdb" hash="D3-A4-4D-85-55-F7-CE-EF-A5-90-AA-EF-58-E0-9F-B6-CC-27-99-53">
      <FullName>D:\Apps\SharpDevelop\bin\Tools\NUnit\lib\nunit.core.interfaces.dll</FullName>
      <ModuleName>nunit.core.interfaces</ModuleName>
      <Classes />
    </Module>
    <Module skippedDueTo="Filter" hash="8F-6E-E8-4F-40-6A-75-31-1B-08-C2-22-D5-EA-FE-23-3B-7B-82-15">
      <FullName>C:\Windows\Microsoft.Net\assembly\GAC_MSIL\System.Configuration\v4.0_4.0.0.0__b03f5f7f11d50a3a\System.Configuration.dll</FullName>
      <ModuleName>System.Configuration</ModuleName>
      <Classes />
    </Module>
    <Module skippedDueTo="Filter" hash="8F-46-4B-BE-28-40-30-A2-E6-52-58-36-C3-F3-E3-75-03-AF-F4-FC">
      <FullName>C:\Windows\Microsoft.Net\assembly\GAC_MSIL\System\v4.0_4.0.0.0__b77a5c561934e089\System.dll</FullName>
      <ModuleName>System</ModuleName>
      <Classes />
    </Module>
    <Module skippedDueTo="Filter" hash="2E-28-A3-E7-4F-05-75-91-3B-B4-A6-B7-58-E7-27-B0-EF-F7-52-11">
      <FullName>C:\Windows\Microsoft.Net\assembly\GAC_MSIL\System.Xml\v4.0_4.0.0.0__b77a5c561934e089\System.Xml.dll</FullName>
      <ModuleName>System.Xml</ModuleName>
      <Classes />
    </Module>
    <Module skippedDueTo="Filter" hash="46-6F-13-2F-D2-4B-1D-25-49-36-00-F3-12-2D-74-40-A6-DA-E7-C0">
      <FullName>C:\Windows\Microsoft.Net\assembly\GAC_MSIL\System.Runtime.Remoting\v4.0_4.0.0.0__b77a5c561934e089\System.Runtime.Remoting.dll</FullName>
      <ModuleName>System.Runtime.Remoting</ModuleName>
      <Classes />
    </Module>
    <Module skippedDueTo="MissingPdb" hash="33-E1-CA-24-52-5A-B7-C7-C4-AF-91-2C-A9-4A-C0-37-67-0D-5B-FE">
      <FullName>D:\Apps\SharpDevelop\bin\Tools\NUnit\lib\nunit.core.dll</FullName>
      <ModuleName>nunit.core</ModuleName>
      <Classes />
    </Module>
    <Module skippedDueTo="Filter" hash="8F-46-4B-BE-28-40-30-A2-E6-52-58-36-C3-F3-E3-75-03-AF-F4-FC">
      <FullName>C:\Windows\Microsoft.Net\assembly\GAC_MSIL\System\v4.0_4.0.0.0__b77a5c561934e089\System.dll</FullName>
      <ModuleName>System</ModuleName>
      <Classes />
    </Module>
    <Module skippedDueTo="MissingPdb" hash="D3-A4-4D-85-55-F7-CE-EF-A5-90-AA-EF-58-E0-9F-B6-CC-27-99-53">
      <FullName>D:\Apps\SharpDevelop\bin\Tools\NUnit\lib\nunit.core.interfaces.dll</FullName>
      <ModuleName>nunit.core.interfaces</ModuleName>
      <Classes />
    </Module>
    <Module hash="BE-92-33-E9-DC-8E-16-A3-A9-93-BD-84-07-E9-80-83-61-12-B7-C8">
      <FullName>C:\Users\09CoatJo\AppData\Local\Temp\nunit20\ShadowCopyCache\4220_635799173241034958\Tests_26672676\assembly\dl3\5b0ac0c6\00aa7ab8_da01d101\Testing.dll</FullName>
      <ModuleName>Testing</ModuleName>
      <Files>
        <File uid="1" fullPath="d:\Programming\CSharp\Cipher-Crackers\C#\Testing\Analysis\AutoSpaceTest.cs" />
        <File uid="2" fullPath="d:\Programming\CSharp\Cipher-Crackers\C#\Testing\Analysis\CipherAnalysisTest.cs" />
        <File uid="3" fullPath="d:\Programming\CSharp\Cipher-Crackers\C#\Testing\Analysis\NGramTest.cs" />
        <File uid="4" fullPath="d:\Programming\CSharp\Cipher-Crackers\C#\Testing\AssertUtils.cs" />
        <File uid="6" fullPath="d:\Programming\CSharp\Cipher-Crackers\C#\Testing\Experimental\Ciphers\HillTest.cs" />
        <File uid="7" fullPath="d:\Programming\CSharp\Cipher-Crackers\C#\Testing\Ciphers\RailFenceTest.cs" />
        <File uid="8" fullPath="d:\Programming\CSharp\Cipher-Crackers\C#\Testing\Ciphers\TranspositionTest.cs" />
        <File uid="9" fullPath="d:\Programming\CSharp\Cipher-Crackers\C#\Testing\Ciphers\SubstitutionTest.cs" />
        <File uid="10" fullPath="d:\Programming\CSharp\Cipher-Crackers\C#\Testing\Ciphers\CaeserTest.cs" />
        <File uid="11" fullPath="d:\Programming\CSharp\Cipher-Crackers\C#\Testing\Ciphers\VigenereTest.cs" />
        <File uid="12" fullPath="d:\Programming\CSharp\Cipher-Crackers\C#\Testing\Experimental\DataTestExtensions.cs" />
        <File uid="13" fullPath="d:\Programming\CSharp\Cipher-Crackers\C#\Testing\Experimental\Tools\MatrixUtils.cs" />
        <File uid="14" fullPath="d:\Programming\CSharp\Cipher-Crackers\C#\Testing\Experimental\Tools\NgramArrayTest.cs" />
        <File uid="15" fullPath="d:\Programming\CSharp\Cipher-Crackers\C#\Testing\Tools\LetterArrayTest.cs" />
      </Files>
      <Classes>
        <Class>
          <FullName>&lt;Module&gt;</FullName>
          <Methods />
        </Class>
        <Class>
          <FullName>Testing.Analysis.AutoSpaceTest</FullName>
          <Methods>
            <Method visited="true" cyclomaticComplexity="2" sequenceCoverage="100" branchCoverage="50" isConstructor="false" isStatic="false" isGetter="true" isSetter="false">
              <MetadataToken>100663298</MetadataToken>
              <Name>System.Collections.Generic.IEnumerable`1&lt;System.Object[]&gt; Testing.Analysis.AutoSpaceTest::get_Items()</Name>
              <FileRef uid="1" />
              <SequencePoints>
                <SequencePoint vc="1" uspid="1" ordinal="0" offset="0" sl="26" sc="10" el="26" ec="11" />
                <SequencePoint vc="1" uspid="2" ordinal="1" offset="1" sl="27" sc="11" el="27" ec="83" />
                <SequencePoint vc="1" uspid="3" ordinal="2" offset="12" sl="28" sc="11" el="31" ec="15" />
                <SequencePoint vc="1" uspid="4" ordinal="3" offset="67" sl="32" sc="10" el="32" ec="11" />
              </SequencePoints>
              <BranchPoints>
                <BranchPoint vc="1" uspid="5" ordinal="0" offset="33" path="0" />
                <BranchPoint vc="0" uspid="6" ordinal="1" offset="33" path="1" />
              </BranchPoints>
              <MethodPoint xsi:type="SequencePoint" vc="1" uspid="1" ordinal="0" offset="0" sl="26" sc="10" el="26" ec="11" />
            </Method>
            <Method visited="true" cyclomaticComplexity="1" sequenceCoverage="100" branchCoverage="100" isConstructor="false" isStatic="false" isGetter="false" isSetter="false">
              <MetadataToken>100663297</MetadataToken>
              <Name>System.Void Testing.Analysis.AutoSpaceTest::AutoSpace(System.String,System.String)</Name>
              <FileRef uid="1" />
              <SequencePoints>
                <SequencePoint vc="3" uspid="7" ordinal="0" offset="0" sl="18" sc="9" el="18" ec="10" />
                <SequencePoint vc="3" uspid="8" ordinal="1" offset="1" sl="19" sc="13" el="19" ec="56" />
                <SequencePoint vc="3" uspid="9" ordinal="2" offset="8" sl="20" sc="13" el="20" ec="63" />
                <SequencePoint vc="3" uspid="10" ordinal="3" offset="21" sl="21" sc="9" el="21" ec="10" />
              </SequencePoints>
              <BranchPoints />
              <MethodPoint xsi:type="SequencePoint" vc="3" uspid="7" ordinal="0" offset="0" sl="18" sc="9" el="18" ec="10" />
            </Method>
            <Method visited="true" cyclomaticComplexity="1" sequenceCoverage="0" branchCoverage="0" isConstructor="true" isStatic="false" isGetter="false" isSetter="false">
              <MetadataToken>100663299</MetadataToken>
              <Name>System.Void Testing.Analysis.AutoSpaceTest::.ctor()</Name>
              <SequencePoints />
              <BranchPoints />
              <MethodPoint vc="2" uspid="11" ordinal="0" offset="0" />
            </Method>
            <Method visited="true" cyclomaticComplexity="1" sequenceCoverage="100" branchCoverage="100" isConstructor="false" isStatic="true" isGetter="false" isSetter="false">
              <MetadataToken>100663300</MetadataToken>
              <Name>System.Object[] Testing.Analysis.AutoSpaceTest::&lt;get_Items&gt;b__0(System.Xml.Linq.XElement)</Name>
              <FileRef uid="1" />
              <SequencePoints>
                <SequencePoint vc="3" uspid="12" ordinal="0" offset="0" sl="28" sc="70" el="31" ec="13" />
              </SequencePoints>
              <BranchPoints />
              <MethodPoint xsi:type="SequencePoint" vc="3" uspid="12" ordinal="0" offset="0" sl="28" sc="70" el="31" ec="13" />
            </Method>
          </Methods>
        </Class>
        <Class>
          <FullName>Testing.Analysis.CipherAnalysisTest</FullName>
          <Methods>
            <Method visited="false" cyclomaticComplexity="1" sequenceCoverage="0" branchCoverage="0" isConstructor="false" isStatic="false" isGetter="false" isSetter="false">
              <MetadataToken>100663301</MetadataToken>
              <Name>System.Void Testing.Analysis.CipherAnalysisTest::CipherData()</Name>
              <FileRef uid="2" />
              <SequencePoints>
                <SequencePoint vc="0" uspid="13" ordinal="0" offset="0" sl="17" sc="9" el="17" ec="10" />
                <SequencePoint vc="0" uspid="14" ordinal="1" offset="1" sl="35" sc="9" el="35" ec="10" />
              </SequencePoints>
              <BranchPoints />
              <MethodPoint xsi:type="SequencePoint" vc="0" uspid="13" ordinal="0" offset="0" sl="17" sc="9" el="17" ec="10" />
            </Method>
            <Method visited="true" cyclomaticComplexity="1" sequenceCoverage="0" branchCoverage="0" isConstructor="true" isStatic="false" isGetter="false" isSetter="false">
              <MetadataToken>100663302</MetadataToken>
              <Name>System.Void Testing.Analysis.CipherAnalysisTest::.ctor()</Name>
              <SequencePoints />
              <BranchPoints />
              <MethodPoint vc="1" uspid="15" ordinal="0" offset="0" />
            </Method>
          </Methods>
        </Class>
        <Class>
          <FullName>Testing.Analysis.NGramTest</FullName>
          <Methods>
            <Method visited="true" cyclomaticComplexity="2" sequenceCoverage="100" branchCoverage="50" isConstructor="false" isStatic="false" isGetter="true" isSetter="false">
              <MetadataToken>100663304</MetadataToken>
              <Name>System.Collections.Generic.IEnumerable`1&lt;System.Object[]&gt; Testing.Analysis.NGramTest::get_Items()</Name>
              <FileRef uid="3" />
              <SequencePoints>
                <SequencePoint vc="1" uspid="16" ordinal="0" offset="0" sl="47" sc="10" el="47" ec="11" />
                <SequencePoint vc="1" uspid="17" ordinal="1" offset="1" sl="48" sc="11" el="48" ec="79" />
                <SequencePoint vc="1" uspid="18" ordinal="2" offset="12" sl="49" sc="11" el="53" ec="15" />
                <SequencePoint vc="1" uspid="19" ordinal="3" offset="67" sl="54" sc="10" el="54" ec="11" />
              </SequencePoints>
              <BranchPoints>
                <BranchPoint vc="1" uspid="20" ordinal="0" offset="33" path="0" />
                <BranchPoint vc="0" uspid="21" ordinal="1" offset="33" path="1" />
              </BranchPoints>
              <MethodPoint xsi:type="SequencePoint" vc="1" uspid="16" ordinal="0" offset="0" sl="47" sc="10" el="47" ec="11" />
            </Method>
            <Method visited="false" cyclomaticComplexity="3" sequenceCoverage="0" branchCoverage="0" isConstructor="false" isStatic="false" isGetter="false" isSetter="false">
              <MetadataToken>100663303</MetadataToken>
              <Name>System.Void Testing.Analysis.NGramTest::NGram(System.String,System.Int32,System.Collections.Generic.Dictionary`2&lt;System.String,System.Int32&gt;)</Name>
              <FileRef uid="3" />
              <SequencePoints>
                <SequencePoint vc="0" uspid="22" ordinal="0" offset="0" sl="30" sc="9" el="30" ec="10" />
                <SequencePoint vc="0" uspid="23" ordinal="1" offset="1" sl="31" sc="13" el="31" ec="77" />
                <SequencePoint vc="0" uspid="24" ordinal="2" offset="9" sl="32" sc="13" el="32" ec="20" />
                <SequencePoint vc="0" uspid="25" ordinal="3" offset="10" sl="32" sc="56" el="32" ec="59" />
                <SequencePoint vc="0" uspid="26" ordinal="4" offset="19" sl="32" sc="21" el="32" ec="52" />
                <SequencePoint vc="0" uspid="27" ordinal="5" offset="27" sl="33" sc="13" el="33" ec="14" />
                <SequencePoint vc="0" uspid="28" ordinal="6" offset="28" sl="34" sc="14" el="34" ec="62" />
                <SequencePoint vc="0" uspid="29" ordinal="7" offset="54" sl="35" sc="13" el="35" ec="14" />
                <SequencePoint vc="0" uspid="30" ordinal="8" offset="55" sl="32" sc="53" el="32" ec="55" />
                <SequencePoint vc="0" uspid="31" ordinal="9" offset="86" sl="39" sc="13" el="39" ec="20" />
                <SequencePoint vc="0" uspid="32" ordinal="10" offset="87" sl="39" sc="56" el="39" ec="62" />
                <SequencePoint vc="0" uspid="33" ordinal="11" offset="96" sl="39" sc="21" el="39" ec="52" />
                <SequencePoint vc="0" uspid="34" ordinal="12" offset="104" sl="39" sc="64" el="39" ec="65" />
                <SequencePoint vc="0" uspid="35" ordinal="13" offset="105" sl="40" sc="14" el="40" ec="59" />
                <SequencePoint vc="0" uspid="36" ordinal="14" offset="131" sl="41" sc="13" el="41" ec="14" />
                <SequencePoint vc="0" uspid="37" ordinal="15" offset="132" sl="39" sc="53" el="39" ec="55" />
                <SequencePoint vc="0" uspid="38" ordinal="16" offset="163" sl="42" sc="9" el="42" ec="10" />
              </SequencePoints>
              <BranchPoints>
                <BranchPoint vc="0" uspid="39" ordinal="0" offset="66" path="0" />
                <BranchPoint vc="0" uspid="40" ordinal="1" offset="66" path="1" />
                <BranchPoint vc="0" uspid="41" ordinal="2" offset="143" path="0" />
                <BranchPoint vc="0" uspid="42" ordinal="3" offset="143" path="1" />
              </BranchPoints>
              <MethodPoint xsi:type="SequencePoint" vc="0" uspid="22" ordinal="0" offset="0" sl="30" sc="9" el="30" ec="10" />
            </Method>
            <Method visited="true" cyclomaticComplexity="1" sequenceCoverage="0" branchCoverage="0" isConstructor="true" isStatic="false" isGetter="false" isSetter="false">
              <MetadataToken>100663305</MetadataToken>
              <Name>System.Void Testing.Analysis.NGramTest::.ctor()</Name>
              <SequencePoints />
              <BranchPoints />
              <MethodPoint vc="2" uspid="43" ordinal="0" offset="0" />
            </Method>
            <Method visited="true" cyclomaticComplexity="1" sequenceCoverage="100" branchCoverage="100" isConstructor="false" isStatic="true" isGetter="false" isSetter="false">
              <MetadataToken>100663306</MetadataToken>
              <Name>System.Object[] Testing.Analysis.NGramTest::&lt;get_Items&gt;b__0(System.Xml.Linq.XElement)</Name>
              <FileRef uid="3" />
              <SequencePoints>
                <SequencePoint vc="1" uspid="44" ordinal="0" offset="0" sl="49" sc="70" el="53" ec="13" />
              </SequencePoints>
              <BranchPoints />
              <MethodPoint xsi:type="SequencePoint" vc="1" uspid="44" ordinal="0" offset="0" sl="49" sc="70" el="53" ec="13" />
            </Method>
          </Methods>
        </Class>
        <Class>
          <FullName>Testing.AssertUtils</FullName>
          <Methods>
            <Method visited="false" cyclomaticComplexity="1" sequenceCoverage="0" branchCoverage="0" isConstructor="false" isStatic="true" isGetter="false" isSetter="false">
              <MetadataToken>100663307</MetadataToken>
              <Name>System.Void Testing.AssertUtils::AssertRoughly(System.Double,System.Double,System.Int32)</Name>
              <FileRef uid="4" />
              <SequencePoints>
                <SequencePoint vc="0" uspid="45" ordinal="0" offset="0" sl="13" sc="9" el="13" ec="10" />
                <SequencePoint vc="0" uspid="46" ordinal="1" offset="1" sl="14" sc="13" el="14" ec="101" />
                <SequencePoint vc="0" uspid="47" ordinal="2" offset="31" sl="15" sc="9" el="15" ec="10" />
              </SequencePoints>
              <BranchPoints />
              <MethodPoint xsi:type="SequencePoint" vc="0" uspid="45" ordinal="0" offset="0" sl="13" sc="9" el="13" ec="10" />
            </Method>
            <Method visited="false" cyclomaticComplexity="1" sequenceCoverage="0" branchCoverage="0" isConstructor="false" isStatic="true" isGetter="false" isSetter="false">
              <MetadataToken>100663308</MetadataToken>
              <Name>System.Void Testing.AssertUtils::AssertRoughly(System.Double,System.Double,System.Int32,System.String)</Name>
              <FileRef uid="4" />
              <SequencePoints>
                <SequencePoint vc="0" uspid="48" ordinal="0" offset="0" sl="18" sc="9" el="18" ec="10" />
                <SequencePoint vc="0" uspid="49" ordinal="1" offset="1" sl="19" sc="13" el="19" ec="110" />
                <SequencePoint vc="0" uspid="50" ordinal="2" offset="32" sl="20" sc="9" el="20" ec="10" />
              </SequencePoints>
              <BranchPoints />
              <MethodPoint xsi:type="SequencePoint" vc="0" uspid="48" ordinal="0" offset="0" sl="18" sc="9" el="18" ec="10" />
            </Method>
            <Method visited="false" cyclomaticComplexity="1" sequenceCoverage="0" branchCoverage="0" isConstructor="false" isStatic="true" isGetter="false" isSetter="false">
              <MetadataToken>100663309</MetadataToken>
              <Name>System.Void Testing.AssertUtils::AssertRoughly(System.Double,System.Double,System.Int32,System.String,System.Object[])</Name>
              <FileRef uid="4" />
              <SequencePoints>
                <SequencePoint vc="0" uspid="51" ordinal="0" offset="0" sl="23" sc="9" el="23" ec="10" />
                <SequencePoint vc="0" uspid="52" ordinal="1" offset="1" sl="24" sc="13" el="24" ec="118" />
                <SequencePoint vc="0" uspid="53" ordinal="2" offset="34" sl="25" sc="9" el="25" ec="10" />
              </SequencePoints>
              <BranchPoints />
              <MethodPoint xsi:type="SequencePoint" vc="0" uspid="51" ordinal="0" offset="0" sl="23" sc="9" el="23" ec="10" />
            </Method>
            <Method visited="false" cyclomaticComplexity="1" sequenceCoverage="0" branchCoverage="0" isConstructor="false" isStatic="true" isGetter="false" isSetter="false">
              <MetadataToken>100663310</MetadataToken>
              <Name>System.Void Testing.AssertUtils::AssertRoughly(System.Double,System.Double,System.MidpointRounding)</Name>
              <FileRef uid="4" />
              <SequencePoints>
                <SequencePoint vc="0" uspid="54" ordinal="0" offset="0" sl="28" sc="9" el="28" ec="10" />
                <SequencePoint vc="0" uspid="55" ordinal="1" offset="1" sl="29" sc="13" el="29" ec="83" />
                <SequencePoint vc="0" uspid="56" ordinal="2" offset="31" sl="30" sc="9" el="30" ec="10" />
              </SequencePoints>
              <BranchPoints />
              <MethodPoint xsi:type="SequencePoint" vc="0" uspid="54" ordinal="0" offset="0" sl="28" sc="9" el="28" ec="10" />
            </Method>
            <Method visited="false" cyclomaticComplexity="1" sequenceCoverage="0" branchCoverage="0" isConstructor="false" isStatic="true" isGetter="false" isSetter="false">
              <MetadataToken>100663311</MetadataToken>
              <Name>System.Void Testing.AssertUtils::AssertRoughly(System.Double,System.Double,System.MidpointRounding,System.String)</Name>
              <FileRef uid="4" />
              <SequencePoints>
                <SequencePoint vc="0" uspid="57" ordinal="0" offset="0" sl="33" sc="9" el="33" ec="10" />
                <SequencePoint vc="0" uspid="58" ordinal="1" offset="1" sl="34" sc="13" el="34" ec="92" />
                <SequencePoint vc="0" uspid="59" ordinal="2" offset="32" sl="35" sc="9" el="35" ec="10" />
              </SequencePoints>
              <BranchPoints />
              <MethodPoint xsi:type="SequencePoint" vc="0" uspid="57" ordinal="0" offset="0" sl="33" sc="9" el="33" ec="10" />
            </Method>
            <Method visited="false" cyclomaticComplexity="1" sequenceCoverage="0" branchCoverage="0" isConstructor="false" isStatic="true" isGetter="false" isSetter="false">
              <MetadataToken>100663312</MetadataToken>
              <Name>System.Void Testing.AssertUtils::AssertRoughly(System.Double,System.Double,System.MidpointRounding,System.String,System.Object[])</Name>
              <FileRef uid="4" />
              <SequencePoints>
                <SequencePoint vc="0" uspid="60" ordinal="0" offset="0" sl="38" sc="9" el="38" ec="10" />
                <SequencePoint vc="0" uspid="61" ordinal="1" offset="1" sl="39" sc="13" el="39" ec="100" />
                <SequencePoint vc="0" uspid="62" ordinal="2" offset="34" sl="40" sc="9" el="40" ec="10" />
              </SequencePoints>
              <BranchPoints />
              <MethodPoint xsi:type="SequencePoint" vc="0" uspid="60" ordinal="0" offset="0" sl="38" sc="9" el="38" ec="10" />
            </Method>
            <Method visited="true" cyclomaticComplexity="1" sequenceCoverage="100" branchCoverage="100" isConstructor="false" isStatic="true" isGetter="false" isSetter="false">
              <MetadataToken>100663313</MetadataToken>
              <Name>System.Void Testing.AssertUtils::AssertWithDiff(System.String,System.String)</Name>
              <FileRef uid="4" />
              <SequencePoints>
                <SequencePoint vc="3" uspid="63" ordinal="0" offset="0" sl="43" sc="9" el="43" ec="10" />
                <SequencePoint vc="3" uspid="64" ordinal="1" offset="1" sl="44" sc="13" el="44" ec="90" />
                <SequencePoint vc="3" uspid="65" ordinal="2" offset="32" sl="45" sc="9" el="45" ec="10" />
              </SequencePoints>
              <BranchPoints />
              <MethodPoint xsi:type="SequencePoint" vc="3" uspid="63" ordinal="0" offset="0" sl="43" sc="9" el="43" ec="10" />
            </Method>
            <Method visited="true" cyclomaticComplexity="4" sequenceCoverage="71" branchCoverage="66" isConstructor="false" isStatic="true" isGetter="false" isSetter="false">
              <MetadataToken>100663314</MetadataToken>
              <Name>System.Void Testing.AssertUtils::AssertArray(T[],T[])</Name>
              <FileRef uid="4" />
              <SequencePoints>
                <SequencePoint vc="1" uspid="66" ordinal="0" offset="0" sl="78" sc="9" el="78" ec="10" />
                <SequencePoint vc="1" uspid="67" ordinal="1" offset="1" sl="79" sc="13" el="79" ec="42" />
                <SequencePoint vc="1" uspid="68" ordinal="2" offset="5" sl="82" sc="13" el="82" ec="40" />
                <SequencePoint vc="0" uspid="69" ordinal="3" offset="15" sl="83" sc="13" el="83" ec="14" />
                <SequencePoint vc="0" uspid="70" ordinal="4" offset="16" sl="84" sc="17" el="88" ec="20" />
                <SequencePoint vc="1" uspid="71" ordinal="5" offset="44" sl="91" sc="17" el="91" ec="27" />
                <SequencePoint vc="7" uspid="72" ordinal="6" offset="48" sl="92" sc="13" el="92" ec="14" />
                <SequencePoint vc="7" uspid="73" ordinal="7" offset="49" sl="93" sc="17" el="93" ec="51" />
                <SequencePoint vc="0" uspid="74" ordinal="8" offset="85" sl="94" sc="17" el="94" ec="18" />
                <SequencePoint vc="0" uspid="75" ordinal="9" offset="86" sl="95" sc="21" el="102" ec="24" />
                <SequencePoint vc="7" uspid="76" ordinal="10" offset="167" sl="104" sc="13" el="104" ec="14" />
                <SequencePoint vc="7" uspid="77" ordinal="11" offset="168" sl="91" sc="40" el="91" ec="43" />
                <SequencePoint vc="8" uspid="78" ordinal="12" offset="172" sl="91" sc="28" el="91" ec="38" />
                <SequencePoint vc="1" uspid="79" ordinal="13" offset="183" sl="105" sc="9" el="105" ec="10" />
              </SequencePoints>
              <BranchPoints>
                <BranchPoint vc="0" uspid="80" ordinal="0" offset="13" path="0" />
                <BranchPoint vc="1" uspid="81" ordinal="1" offset="13" path="1" />
                <BranchPoint vc="0" uspid="82" ordinal="2" offset="83" path="0" />
                <BranchPoint vc="7" uspid="83" ordinal="3" offset="83" path="1" />
                <BranchPoint vc="1" uspid="84" ordinal="4" offset="178" path="0" />
                <BranchPoint vc="7" uspid="85" ordinal="5" offset="178" path="1" />
              </BranchPoints>
              <MethodPoint xsi:type="SequencePoint" vc="1" uspid="66" ordinal="0" offset="0" sl="78" sc="9" el="78" ec="10" />
            </Method>
            <Method visited="false" cyclomaticComplexity="1" sequenceCoverage="0" branchCoverage="0" isConstructor="false" isStatic="true" isGetter="false" isSetter="false">
              <MetadataToken>100663315</MetadataToken>
              <Name>System.String Testing.AssertUtils::ArrayToString(T[])</Name>
              <FileRef uid="4" />
              <SequencePoints>
                <SequencePoint vc="0" uspid="86" ordinal="0" offset="0" sl="108" sc="9" el="108" ec="10" />
                <SequencePoint vc="0" uspid="87" ordinal="1" offset="1" sl="109" sc="13" el="109" ec="57" />
                <SequencePoint vc="0" uspid="88" ordinal="2" offset="30" sl="110" sc="9" el="110" ec="10" />
              </SequencePoints>
              <BranchPoints />
              <MethodPoint xsi:type="SequencePoint" vc="0" uspid="86" ordinal="0" offset="0" sl="108" sc="9" el="108" ec="10" />
            </Method>
          </Methods>
        </Class>
        <Class>
          <FullName>Testing.AssertUtils/Differ</FullName>
          <Methods>
            <Method visited="true" cyclomaticComplexity="1" sequenceCoverage="100" branchCoverage="100" isConstructor="true" isStatic="false" isGetter="false" isSetter="false">
              <MetadataToken>100663316</MetadataToken>
              <Name>System.Void Testing.AssertUtils/Differ::.ctor(System.String,System.String)</Name>
              <FileRef uid="4" />
              <SequencePoints>
                <SequencePoint vc="3" uspid="89" ordinal="0" offset="0" sl="55" sc="13" el="55" ec="55" />
                <SequencePoint vc="3" uspid="90" ordinal="1" offset="7" sl="56" sc="13" el="56" ec="14" />
                <SequencePoint vc="3" uspid="91" ordinal="2" offset="8" sl="57" sc="17" el="57" ec="42" />
                <SequencePoint vc="3" uspid="92" ordinal="3" offset="15" sl="58" sc="17" el="58" ec="32" />
                <SequencePoint vc="3" uspid="93" ordinal="4" offset="22" sl="59" sc="13" el="59" ec="14" />
              </SequencePoints>
              <BranchPoints />
              <MethodPoint xsi:type="SequencePoint" vc="3" uspid="89" ordinal="0" offset="0" sl="55" sc="13" el="55" ec="55" />
            </Method>
            <Method visited="false" cyclomaticComplexity="2" sequenceCoverage="0" branchCoverage="0" isConstructor="false" isStatic="false" isGetter="false" isSetter="false">
              <MetadataToken>100663317</MetadataToken>
              <Name>System.String Testing.AssertUtils/Differ::ToString()</Name>
              <FileRef uid="4" />
              <SequencePoints>
                <SequencePoint vc="0" uspid="94" ordinal="0" offset="0" sl="62" sc="13" el="62" ec="14" />
                <SequencePoint vc="0" uspid="95" ordinal="1" offset="1" sl="63" sc="17" el="63" ec="75" />
                <SequencePoint vc="0" uspid="96" ordinal="2" offset="31" sl="64" sc="17" el="64" ec="70" />
                <SequencePoint vc="0" uspid="97" ordinal="3" offset="61" sl="66" sc="17" el="66" ec="49" />
                <SequencePoint vc="0" uspid="98" ordinal="4" offset="84" sl="67" sc="17" el="67" ec="18" />
                <SequencePoint vc="0" uspid="99" ordinal="5" offset="85" sl="68" sc="21" el="68" ec="65" />
                <SequencePoint vc="0" uspid="100" ordinal="6" offset="105" sl="71" sc="17" el="71" ec="18" />
                <SequencePoint vc="0" uspid="101" ordinal="7" offset="106" sl="72" sc="21" el="72" ec="65" />
                <SequencePoint vc="0" uspid="102" ordinal="8" offset="126" sl="74" sc="13" el="74" ec="14" />
              </SequencePoints>
              <BranchPoints>
                <BranchPoint vc="0" uspid="103" ordinal="0" offset="82" path="0" />
                <BranchPoint vc="0" uspid="104" ordinal="1" offset="82" path="1" />
              </BranchPoints>
              <MethodPoint xsi:type="SequencePoint" vc="0" uspid="94" ordinal="0" offset="0" sl="62" sc="13" el="62" ec="14" />
            </Method>
          </Methods>
        </Class>
        <Class>
          <FullName>Testing.Experimental.Ciphers.HillTest</FullName>
          <Methods>
            <Method visited="true" cyclomaticComplexity="2" sequenceCoverage="100" branchCoverage="100" isConstructor="false" isStatic="false" isGetter="true" isSetter="false">
              <MetadataToken>100663321</MetadataToken>
              <Name>System.Collections.Generic.IEnumerable`1&lt;System.Object[]&gt; Testing.Experimental.Ciphers.HillTest::get_Items()</Name>
              <FileRef uid="6" />
              <SequencePoints>
                <SequencePoint vc="3" uspid="105" ordinal="0" offset="0" sl="64" sc="10" el="64" ec="11" />
                <SequencePoint vc="3" uspid="106" ordinal="1" offset="1" sl="65" sc="11" el="65" ec="94" />
                <SequencePoint vc="3" uspid="107" ordinal="2" offset="12" sl="66" sc="11" el="70" ec="15" />
                <SequencePoint vc="3" uspid="108" ordinal="3" offset="67" sl="71" sc="10" el="71" ec="11" />
              </SequencePoints>
              <BranchPoints>
                <BranchPoint vc="1" uspid="109" ordinal="0" offset="33" path="0" />
                <BranchPoint vc="2" uspid="110" ordinal="1" offset="33" path="1" />
              </BranchPoints>
              <MethodPoint xsi:type="SequencePoint" vc="3" uspid="105" ordinal="0" offset="0" sl="64" sc="10" el="64" ec="11" />
            </Method>
            <Method visited="false" cyclomaticComplexity="2" sequenceCoverage="0" branchCoverage="0" isConstructor="false" isStatic="false" isGetter="true" isSetter="false">
              <MetadataToken>100663322</MetadataToken>
              <Name>System.Collections.Generic.IEnumerable`1&lt;System.Object[]&gt; Testing.Experimental.Ciphers.HillTest::get_CribKey()</Name>
              <FileRef uid="6" />
              <SequencePoints>
                <SequencePoint vc="0" uspid="111" ordinal="0" offset="0" sl="77" sc="10" el="77" ec="11" />
                <SequencePoint vc="0" uspid="112" ordinal="1" offset="1" sl="78" sc="11" el="78" ec="94" />
                <SequencePoint vc="0" uspid="113" ordinal="2" offset="12" sl="79" sc="11" el="85" ec="15" />
                <SequencePoint vc="0" uspid="114" ordinal="3" offset="67" sl="86" sc="10" el="86" ec="11" />
              </SequencePoints>
              <BranchPoints>
                <BranchPoint vc="0" uspid="115" ordinal="0" offset="33" path="0" />
                <BranchPoint vc="0" uspid="116" ordinal="1" offset="33" path="1" />
              </BranchPoints>
              <MethodPoint xsi:type="SequencePoint" vc="0" uspid="111" ordinal="0" offset="0" sl="77" sc="10" el="77" ec="11" />
            </Method>
            <Method visited="false" cyclomaticComplexity="1" sequenceCoverage="0" branchCoverage="0" isConstructor="false" isStatic="false" isGetter="false" isSetter="false">
              <MetadataToken>100663318</MetadataToken>
              <Name>System.Void Testing.Experimental.Ciphers.HillTest::HillDecode(System.String,System.String,MathNet.Numerics.LinearAlgebra.Matrix`1&lt;System.Single&gt;)</Name>
              <FileRef uid="6" />
              <SequencePoints>
                <SequencePoint vc="0" uspid="117" ordinal="0" offset="0" sl="25" sc="9" el="25" ec="10" />
                <SequencePoint vc="0" uspid="118" ordinal="1" offset="1" sl="26" sc="13" el="26" ec="48" />
                <SequencePoint vc="0" uspid="119" ordinal="2" offset="13" sl="27" sc="13" el="27" ec="71" />
                <SequencePoint vc="0" uspid="120" ordinal="3" offset="21" sl="28" sc="13" el="28" ec="51" />
                <SequencePoint vc="0" uspid="121" ordinal="4" offset="29" sl="30" sc="13" el="30" ec="59" />
                <SequencePoint vc="0" uspid="122" ordinal="5" offset="42" sl="31" sc="9" el="31" ec="10" />
              </SequencePoints>
              <BranchPoints />
              <MethodPoint xsi:type="SequencePoint" vc="0" uspid="117" ordinal="0" offset="0" sl="25" sc="9" el="25" ec="10" />
            </Method>
            <Method visited="false" cyclomaticComplexity="1" sequenceCoverage="0" branchCoverage="0" isConstructor="false" isStatic="false" isGetter="false" isSetter="false">
              <MetadataToken>100663319</MetadataToken>
              <Name>System.Void Testing.Experimental.Ciphers.HillTest::HillBruteCrack(System.String,System.String,MathNet.Numerics.LinearAlgebra.Matrix`1&lt;System.Single&gt;)</Name>
              <FileRef uid="6" />
              <SequencePoints>
                <SequencePoint vc="0" uspid="123" ordinal="0" offset="0" sl="40" sc="9" el="40" ec="10" />
                <SequencePoint vc="0" uspid="124" ordinal="1" offset="1" sl="41" sc="13" el="41" ec="108" />
                <SequencePoint vc="0" uspid="125" ordinal="2" offset="9" sl="42" sc="13" el="42" ec="84" />
                <SequencePoint vc="0" uspid="126" ordinal="3" offset="16" sl="44" sc="13" el="44" ec="64" />
                <SequencePoint vc="0" uspid="127" ordinal="4" offset="34" sl="45" sc="13" el="45" ec="46" />
                <SequencePoint vc="0" uspid="128" ordinal="5" offset="47" sl="46" sc="9" el="46" ec="10" />
              </SequencePoints>
              <BranchPoints />
              <MethodPoint xsi:type="SequencePoint" vc="0" uspid="123" ordinal="0" offset="0" sl="40" sc="9" el="40" ec="10" />
            </Method>
            <Method visited="false" cyclomaticComplexity="1" sequenceCoverage="0" branchCoverage="0" isConstructor="false" isStatic="false" isGetter="false" isSetter="false">
              <MetadataToken>100663320</MetadataToken>
              <Name>System.Void Testing.Experimental.Ciphers.HillTest::HillCribCrack(System.String,System.String,MathNet.Numerics.LinearAlgebra.Matrix`1&lt;System.Single&gt;,System.String,System.String)</Name>
              <FileRef uid="6" />
              <SequencePoints>
                <SequencePoint vc="0" uspid="129" ordinal="0" offset="0" sl="52" sc="9" el="52" ec="10" />
                <SequencePoint vc="0" uspid="130" ordinal="1" offset="1" sl="53" sc="13" el="53" ec="84" />
                <SequencePoint vc="0" uspid="131" ordinal="2" offset="9" sl="54" sc="13" el="54" ec="45" />
                <SequencePoint vc="0" uspid="132" ordinal="3" offset="20" sl="55" sc="13" el="55" ec="72" />
                <SequencePoint vc="0" uspid="133" ordinal="4" offset="27" sl="57" sc="13" el="57" ec="64" />
                <SequencePoint vc="0" uspid="134" ordinal="5" offset="45" sl="58" sc="13" el="58" ec="46" />
                <SequencePoint vc="0" uspid="135" ordinal="6" offset="58" sl="59" sc="9" el="59" ec="10" />
              </SequencePoints>
              <BranchPoints />
              <MethodPoint xsi:type="SequencePoint" vc="0" uspid="129" ordinal="0" offset="0" sl="52" sc="9" el="52" ec="10" />
            </Method>
            <Method visited="true" cyclomaticComplexity="1" sequenceCoverage="0" branchCoverage="0" isConstructor="true" isStatic="false" isGetter="false" isSetter="false">
              <MetadataToken>100663323</MetadataToken>
              <Name>System.Void Testing.Experimental.Ciphers.HillTest::.ctor()</Name>
              <SequencePoints />
              <BranchPoints />
              <MethodPoint vc="4" uspid="136" ordinal="0" offset="0" />
            </Method>
            <Method visited="false" cyclomaticComplexity="1" sequenceCoverage="0" branchCoverage="0" isConstructor="false" isStatic="true" isGetter="false" isSetter="false">
              <MetadataToken>100663324</MetadataToken>
              <Name>System.Object[] Testing.Experimental.Ciphers.HillTest::&lt;get_Items&gt;b__0(System.Xml.Linq.XElement)</Name>
              <FileRef uid="6" />
              <SequencePoints>
                <SequencePoint vc="0" uspid="137" ordinal="0" offset="0" sl="66" sc="64" el="70" ec="13" />
              </SequencePoints>
              <BranchPoints />
              <MethodPoint xsi:type="SequencePoint" vc="0" uspid="137" ordinal="0" offset="0" sl="66" sc="64" el="70" ec="13" />
            </Method>
            <Method visited="false" cyclomaticComplexity="1" sequenceCoverage="0" branchCoverage="0" isConstructor="false" isStatic="true" isGetter="false" isSetter="false">
              <MetadataToken>100663325</MetadataToken>
              <Name>System.Object[] Testing.Experimental.Ciphers.HillTest::&lt;get_CribKey&gt;b__2(System.Xml.Linq.XElement)</Name>
              <FileRef uid="6" />
              <SequencePoints>
                <SequencePoint vc="0" uspid="138" ordinal="0" offset="0" sl="79" sc="64" el="85" ec="13" />
              </SequencePoints>
              <BranchPoints />
              <MethodPoint xsi:type="SequencePoint" vc="0" uspid="138" ordinal="0" offset="0" sl="79" sc="64" el="85" ec="13" />
            </Method>
          </Methods>
        </Class>
        <Class>
          <FullName>Testing.Ciphers.RailFenceTest</FullName>
          <Methods>
            <Method visited="true" cyclomaticComplexity="2" sequenceCoverage="100" branchCoverage="100" isConstructor="false" isStatic="false" isGetter="true" isSetter="false">
              <MetadataToken>100663328</MetadataToken>
              <Name>System.Collections.Generic.IEnumerable`1&lt;System.Object[]&gt; Testing.Ciphers.RailFenceTest::get_Items()</Name>
              <FileRef uid="7" />
              <SequencePoints>
                <SequencePoint vc="2" uspid="139" ordinal="0" offset="0" sl="49" sc="10" el="49" ec="11" />
                <SequencePoint vc="2" uspid="140" ordinal="1" offset="1" sl="50" sc="11" el="50" ec="81" />
                <SequencePoint vc="2" uspid="141" ordinal="2" offset="12" sl="51" sc="11" el="55" ec="15" />
                <SequencePoint vc="2" uspid="142" ordinal="3" offset="67" sl="56" sc="10" el="56" ec="11" />
              </SequencePoints>
              <BranchPoints>
                <BranchPoint vc="1" uspid="143" ordinal="0" offset="33" path="0" />
                <BranchPoint vc="1" uspid="144" ordinal="1" offset="33" path="1" />
              </BranchPoints>
              <MethodPoint xsi:type="SequencePoint" vc="2" uspid="139" ordinal="0" offset="0" sl="49" sc="10" el="49" ec="11" />
            </Method>
            <Method visited="true" cyclomaticComplexity="1" sequenceCoverage="100" branchCoverage="100" isConstructor="false" isStatic="false" isGetter="false" isSetter="false">
              <MetadataToken>100663326</MetadataToken>
              <Name>System.Void Testing.Ciphers.RailFenceTest::RailFenceCrack(System.String,System.String,System.Int32)</Name>
              <FileRef uid="7" />
              <SequencePoints>
                <SequencePoint vc="1" uspid="145" ordinal="0" offset="0" sl="22" sc="9" el="22" ec="10" />
                <SequencePoint vc="1" uspid="146" ordinal="1" offset="1" sl="23" sc="13" el="23" ec="123" />
                <SequencePoint vc="1" uspid="147" ordinal="2" offset="8" sl="24" sc="13" el="24" ec="92" />
                <SequencePoint vc="1" uspid="148" ordinal="3" offset="15" sl="27" sc="13" el="27" ec="64" />
                <SequencePoint vc="1" uspid="149" ordinal="4" offset="33" sl="28" sc="13" el="28" ec="46" />
                <SequencePoint vc="1" uspid="150" ordinal="5" offset="46" sl="29" sc="9" el="29" ec="10" />
              </SequencePoints>
              <BranchPoints />
              <MethodPoint xsi:type="SequencePoint" vc="1" uspid="145" ordinal="0" offset="0" sl="22" sc="9" el="22" ec="10" />
            </Method>
            <Method visited="true" cyclomaticComplexity="1" sequenceCoverage="100" branchCoverage="100" isConstructor="false" isStatic="false" isGetter="false" isSetter="false">
              <MetadataToken>100663327</MetadataToken>
              <Name>System.Void Testing.Ciphers.RailFenceTest::RailFenceDecode(System.String,System.String,System.Int32)</Name>
              <FileRef uid="7" />
              <SequencePoints>
                <SequencePoint vc="1" uspid="151" ordinal="0" offset="0" sl="39" sc="9" el="39" ec="10" />
                <SequencePoint vc="1" uspid="152" ordinal="1" offset="1" sl="40" sc="13" el="40" ec="95" />
                <SequencePoint vc="1" uspid="153" ordinal="2" offset="8" sl="41" sc="13" el="41" ec="52" />
                <SequencePoint vc="1" uspid="154" ordinal="3" offset="16" sl="43" sc="13" el="43" ec="59" />
                <SequencePoint vc="1" uspid="155" ordinal="4" offset="29" sl="44" sc="9" el="44" ec="10" />
              </SequencePoints>
              <BranchPoints />
              <MethodPoint xsi:type="SequencePoint" vc="1" uspid="151" ordinal="0" offset="0" sl="39" sc="9" el="39" ec="10" />
            </Method>
            <Method visited="true" cyclomaticComplexity="1" sequenceCoverage="0" branchCoverage="0" isConstructor="true" isStatic="false" isGetter="false" isSetter="false">
              <MetadataToken>100663329</MetadataToken>
              <Name>System.Void Testing.Ciphers.RailFenceTest::.ctor()</Name>
              <SequencePoints />
              <BranchPoints />
              <MethodPoint vc="3" uspid="156" ordinal="0" offset="0" />
            </Method>
            <Method visited="true" cyclomaticComplexity="1" sequenceCoverage="100" branchCoverage="100" isConstructor="false" isStatic="true" isGetter="false" isSetter="false">
              <MetadataToken>100663330</MetadataToken>
              <Name>System.Object[] Testing.Ciphers.RailFenceTest::&lt;get_Items&gt;b__0(System.Xml.Linq.XElement)</Name>
              <FileRef uid="7" />
              <SequencePoints>
                <SequencePoint vc="2" uspid="157" ordinal="0" offset="0" sl="51" sc="64" el="55" ec="13" />
              </SequencePoints>
              <BranchPoints />
              <MethodPoint xsi:type="SequencePoint" vc="2" uspid="157" ordinal="0" offset="0" sl="51" sc="64" el="55" ec="13" />
            </Method>
          </Methods>
        </Class>
        <Class>
          <FullName>Testing.Ciphers.TranspositionTest</FullName>
          <Methods>
            <Method visited="true" cyclomaticComplexity="2" sequenceCoverage="100" branchCoverage="100" isConstructor="false" isStatic="false" isGetter="true" isSetter="false">
              <MetadataToken>100663333</MetadataToken>
              <Name>System.Collections.Generic.IEnumerable`1&lt;System.Object[]&gt; Testing.Ciphers.TranspositionTest::get_Items()</Name>
              <FileRef uid="8" />
              <SequencePoints>
                <SequencePoint vc="2" uspid="158" ordinal="0" offset="0" sl="46" sc="10" el="46" ec="11" />
                <SequencePoint vc="2" uspid="159" ordinal="1" offset="1" sl="47" sc="11" el="47" ec="85" />
                <SequencePoint vc="2" uspid="160" ordinal="2" offset="12" sl="48" sc="11" el="52" ec="15" />
                <SequencePoint vc="2" uspid="161" ordinal="3" offset="67" sl="53" sc="10" el="53" ec="11" />
              </SequencePoints>
              <BranchPoints>
                <BranchPoint vc="1" uspid="162" ordinal="0" offset="33" path="0" />
                <BranchPoint vc="1" uspid="163" ordinal="1" offset="33" path="1" />
              </BranchPoints>
              <MethodPoint xsi:type="SequencePoint" vc="2" uspid="158" ordinal="0" offset="0" sl="46" sc="10" el="46" ec="11" />
            </Method>
            <Method visited="true" cyclomaticComplexity="1" sequenceCoverage="100" branchCoverage="100" isConstructor="false" isStatic="false" isGetter="false" isSetter="false">
              <MetadataToken>100663331</MetadataToken>
              <Name>System.Void Testing.Ciphers.TranspositionTest::TranspositionCrack(System.String,System.String,System.Byte[])</Name>
              <FileRef uid="8" />
              <SequencePoints>
                <SequencePoint vc="1" uspid="164" ordinal="0" offset="0" sl="23" sc="9" el="23" ec="10" />
                <SequencePoint vc="1" uspid="165" ordinal="1" offset="1" sl="24" sc="13" el="24" ec="154" />
                <SequencePoint vc="1" uspid="166" ordinal="2" offset="8" sl="25" sc="13" el="25" ec="108" />
                <SequencePoint vc="1" uspid="167" ordinal="3" offset="15" sl="27" sc="13" el="27" ec="64" />
                <SequencePoint vc="1" uspid="168" ordinal="4" offset="33" sl="28" sc="13" el="28" ec="54" />
                <SequencePoint vc="1" uspid="169" ordinal="5" offset="46" sl="29" sc="9" el="29" ec="10" />
              </SequencePoints>
              <BranchPoints />
              <MethodPoint xsi:type="SequencePoint" vc="1" uspid="164" ordinal="0" offset="0" sl="23" sc="9" el="23" ec="10" />
            </Method>
            <Method visited="true" cyclomaticComplexity="1" sequenceCoverage="100" branchCoverage="100" isConstructor="false" isStatic="false" isGetter="false" isSetter="false">
              <MetadataToken>100663332</MetadataToken>
              <Name>System.Void Testing.Ciphers.TranspositionTest::TranspositionDecode(System.String,System.String,System.Byte[])</Name>
              <FileRef uid="8" />
              <SequencePoints>
                <SequencePoint vc="1" uspid="170" ordinal="0" offset="0" sl="37" sc="9" el="37" ec="10" />
                <SequencePoint vc="1" uspid="171" ordinal="1" offset="1" sl="38" sc="13" el="38" ec="125" />
                <SequencePoint vc="1" uspid="172" ordinal="2" offset="8" sl="39" sc="13" el="39" ec="55" />
                <SequencePoint vc="1" uspid="173" ordinal="3" offset="16" sl="41" sc="13" el="41" ec="59" />
                <SequencePoint vc="1" uspid="174" ordinal="4" offset="29" sl="42" sc="9" el="42" ec="10" />
              </SequencePoints>
              <BranchPoints />
              <MethodPoint xsi:type="SequencePoint" vc="1" uspid="170" ordinal="0" offset="0" sl="37" sc="9" el="37" ec="10" />
            </Method>
            <Method visited="true" cyclomaticComplexity="1" sequenceCoverage="0" branchCoverage="0" isConstructor="true" isStatic="false" isGetter="false" isSetter="false">
              <MetadataToken>100663334</MetadataToken>
              <Name>System.Void Testing.Ciphers.TranspositionTest::.ctor()</Name>
              <SequencePoints />
              <BranchPoints />
              <MethodPoint vc="3" uspid="175" ordinal="0" offset="0" />
            </Method>
            <Method visited="true" cyclomaticComplexity="2" sequenceCoverage="100" branchCoverage="100" isConstructor="false" isStatic="true" isGetter="false" isSetter="false">
              <MetadataToken>100663335</MetadataToken>
              <Name>System.Object[] Testing.Ciphers.TranspositionTest::&lt;get_Items&gt;b__0(System.Xml.Linq.XElement)</Name>
              <FileRef uid="8" />
              <SequencePoints>
                <SequencePoint vc="2" uspid="176" ordinal="0" offset="0" sl="48" sc="64" el="52" ec="13" />
              </SequencePoints>
              <BranchPoints>
                <BranchPoint vc="1" uspid="177" ordinal="0" offset="101" path="0" />
                <BranchPoint vc="1" uspid="178" ordinal="1" offset="101" path="1" />
              </BranchPoints>
              <MethodPoint xsi:type="SequencePoint" vc="2" uspid="176" ordinal="0" offset="0" sl="48" sc="64" el="52" ec="13" />
            </Method>
            <Method visited="true" cyclomaticComplexity="1" sequenceCoverage="100" branchCoverage="100" isConstructor="false" isStatic="true" isGetter="false" isSetter="false">
              <MetadataToken>100663336</MetadataToken>
              <Name>System.Byte Testing.Ciphers.TranspositionTest::&lt;get_Items&gt;b__1(System.String)</Name>
              <FileRef uid="8" />
              <SequencePoints>
                <SequencePoint vc="14" uspid="179" ordinal="0" offset="0" sl="51" sc="62" el="51" ec="79" />
              </SequencePoints>
              <BranchPoints />
              <MethodPoint xsi:type="SequencePoint" vc="14" uspid="179" ordinal="0" offset="0" sl="51" sc="62" el="51" ec="79" />
            </Method>
          </Methods>
        </Class>
        <Class>
          <FullName>Testing.Ciphers.SubstitutionTest</FullName>
          <Methods>
            <Method visited="true" cyclomaticComplexity="2" sequenceCoverage="100" branchCoverage="100" isConstructor="false" isStatic="false" isGetter="true" isSetter="false">
              <MetadataToken>100663339</MetadataToken>
              <Name>System.Collections.Generic.IEnumerable`1&lt;System.Object[]&gt; Testing.Ciphers.SubstitutionTest::get_Items()</Name>
              <FileRef uid="9" />
              <SequencePoints>
                <SequencePoint vc="2" uspid="180" ordinal="0" offset="0" sl="48" sc="10" el="48" ec="11" />
                <SequencePoint vc="2" uspid="181" ordinal="1" offset="1" sl="49" sc="11" el="49" ec="84" />
                <SequencePoint vc="2" uspid="182" ordinal="2" offset="12" sl="50" sc="11" el="54" ec="15" />
                <SequencePoint vc="2" uspid="183" ordinal="3" offset="67" sl="55" sc="10" el="55" ec="11" />
              </SequencePoints>
              <BranchPoints>
                <BranchPoint vc="1" uspid="184" ordinal="0" offset="33" path="0" />
                <BranchPoint vc="1" uspid="185" ordinal="1" offset="33" path="1" />
              </BranchPoints>
              <MethodPoint xsi:type="SequencePoint" vc="2" uspid="180" ordinal="0" offset="0" sl="48" sc="10" el="48" ec="11" />
            </Method>
            <Method visited="true" cyclomaticComplexity="1" sequenceCoverage="100" branchCoverage="100" isConstructor="false" isStatic="false" isGetter="false" isSetter="false">
              <MetadataToken>100663337</MetadataToken>
              <Name>System.Void Testing.Ciphers.SubstitutionTest::SubstitutionCrack(System.String,System.String,System.String)</Name>
              <FileRef uid="9" />
              <SequencePoints>
                <SequencePoint vc="1" uspid="186" ordinal="0" offset="0" sl="23" sc="9" el="23" ec="10" />
                <SequencePoint vc="1" uspid="187" ordinal="1" offset="1" sl="24" sc="13" el="24" ec="118" />
                <SequencePoint vc="1" uspid="188" ordinal="2" offset="8" sl="25" sc="13" el="25" ec="90" />
                <SequencePoint vc="1" uspid="189" ordinal="3" offset="15" sl="27" sc="13" el="27" ec="64" />
                <SequencePoint vc="1" uspid="190" ordinal="4" offset="33" sl="28" sc="13" el="28" ec="57" />
                <SequencePoint vc="1" uspid="191" ordinal="5" offset="51" sl="29" sc="9" el="29" ec="10" />
              </SequencePoints>
              <BranchPoints />
              <MethodPoint xsi:type="SequencePoint" vc="1" uspid="186" ordinal="0" offset="0" sl="23" sc="9" el="23" ec="10" />
            </Method>
            <Method visited="true" cyclomaticComplexity="1" sequenceCoverage="100" branchCoverage="100" isConstructor="false" isStatic="false" isGetter="false" isSetter="false">
              <MetadataToken>100663338</MetadataToken>
              <Name>System.Void Testing.Ciphers.SubstitutionTest::SubstitutionDecode(System.String,System.String,System.String)</Name>
              <FileRef uid="9" />
              <SequencePoints>
                <SequencePoint vc="1" uspid="192" ordinal="0" offset="0" sl="38" sc="9" el="38" ec="10" />
                <SequencePoint vc="1" uspid="193" ordinal="1" offset="1" sl="39" sc="13" el="39" ec="89" />
                <SequencePoint vc="1" uspid="194" ordinal="2" offset="8" sl="40" sc="13" el="40" ec="83" />
                <SequencePoint vc="1" uspid="195" ordinal="3" offset="21" sl="42" sc="13" el="42" ec="59" />
                <SequencePoint vc="1" uspid="196" ordinal="4" offset="34" sl="43" sc="9" el="43" ec="10" />
              </SequencePoints>
              <BranchPoints />
              <MethodPoint xsi:type="SequencePoint" vc="1" uspid="192" ordinal="0" offset="0" sl="38" sc="9" el="38" ec="10" />
            </Method>
            <Method visited="true" cyclomaticComplexity="1" sequenceCoverage="0" branchCoverage="0" isConstructor="true" isStatic="false" isGetter="false" isSetter="false">
              <MetadataToken>100663340</MetadataToken>
              <Name>System.Void Testing.Ciphers.SubstitutionTest::.ctor()</Name>
              <SequencePoints />
              <BranchPoints />
              <MethodPoint vc="3" uspid="197" ordinal="0" offset="0" />
            </Method>
            <Method visited="true" cyclomaticComplexity="1" sequenceCoverage="100" branchCoverage="100" isConstructor="false" isStatic="true" isGetter="false" isSetter="false">
              <MetadataToken>100663341</MetadataToken>
              <Name>System.Object[] Testing.Ciphers.SubstitutionTest::&lt;get_Items&gt;b__0(System.Xml.Linq.XElement)</Name>
              <FileRef uid="9" />
              <SequencePoints>
                <SequencePoint vc="2" uspid="198" ordinal="0" offset="0" sl="50" sc="64" el="54" ec="13" />
              </SequencePoints>
              <BranchPoints />
              <MethodPoint xsi:type="SequencePoint" vc="2" uspid="198" ordinal="0" offset="0" sl="50" sc="64" el="54" ec="13" />
            </Method>
          </Methods>
        </Class>
        <Class>
          <FullName>Testing.Ciphers.CaeserTest</FullName>
          <Methods>
            <Method visited="true" cyclomaticComplexity="2" sequenceCoverage="100" branchCoverage="100" isConstructor="false" isStatic="false" isGetter="true" isSetter="false">
              <MetadataToken>100663345</MetadataToken>
              <Name>System.Collections.Generic.IEnumerable`1&lt;System.Object[]&gt; Testing.Ciphers.CaeserTest::get_Items()</Name>
              <FileRef uid="10" />
              <SequencePoints>
                <SequencePoint vc="3" uspid="199" ordinal="0" offset="0" sl="57" sc="10" el="57" ec="11" />
                <SequencePoint vc="3" uspid="200" ordinal="1" offset="1" sl="58" sc="11" el="58" ec="83" />
                <SequencePoint vc="3" uspid="201" ordinal="2" offset="12" sl="59" sc="11" el="63" ec="15" />
                <SequencePoint vc="3" uspid="202" ordinal="3" offset="67" sl="64" sc="10" el="64" ec="11" />
              </SequencePoints>
              <BranchPoints>
                <BranchPoint vc="1" uspid="203" ordinal="0" offset="33" path="0" />
                <BranchPoint vc="2" uspid="204" ordinal="1" offset="33" path="1" />
              </BranchPoints>
              <MethodPoint xsi:type="SequencePoint" vc="3" uspid="199" ordinal="0" offset="0" sl="57" sc="10" el="57" ec="11" />
            </Method>
            <Method visited="true" cyclomaticComplexity="1" sequenceCoverage="100" branchCoverage="100" isConstructor="false" isStatic="false" isGetter="false" isSetter="false">
              <MetadataToken>100663342</MetadataToken>
              <Name>System.Void Testing.Ciphers.CaeserTest::Crack(System.String,System.String,System.Byte)</Name>
              <FileRef uid="10" />
              <SequencePoints>
                <SequencePoint vc="1" uspid="205" ordinal="0" offset="0" sl="19" sc="9" el="19" ec="10" />
                <SequencePoint vc="1" uspid="206" ordinal="1" offset="1" sl="20" sc="13" el="20" ec="115" />
                <SequencePoint vc="1" uspid="207" ordinal="2" offset="8" sl="21" sc="13" el="21" ec="88" />
                <SequencePoint vc="1" uspid="208" ordinal="3" offset="15" sl="24" sc="13" el="24" ec="64" />
                <SequencePoint vc="1" uspid="209" ordinal="4" offset="33" sl="25" sc="13" el="25" ec="46" />
                <SequencePoint vc="1" uspid="210" ordinal="5" offset="46" sl="26" sc="9" el="26" ec="10" />
              </SequencePoints>
              <BranchPoints />
              <MethodPoint xsi:type="SequencePoint" vc="1" uspid="205" ordinal="0" offset="0" sl="19" sc="9" el="19" ec="10" />
            </Method>
            <Method visited="true" cyclomaticComplexity="1" sequenceCoverage="100" branchCoverage="100" isConstructor="false" isStatic="false" isGetter="false" isSetter="false">
              <MetadataToken>100663343</MetadataToken>
              <Name>System.Void Testing.Ciphers.CaeserTest::MonogramCrack(System.String,System.String,System.Byte)</Name>
              <FileRef uid="10" />
              <SequencePoints>
                <SequencePoint vc="1" uspid="211" ordinal="0" offset="0" sl="35" sc="9" el="35" ec="10" />
                <SequencePoint vc="1" uspid="212" ordinal="1" offset="1" sl="36" sc="13" el="36" ec="77" />
                <SequencePoint vc="1" uspid="213" ordinal="2" offset="8" sl="37" sc="13" el="37" ec="69" />
                <SequencePoint vc="1" uspid="214" ordinal="3" offset="15" sl="39" sc="13" el="39" ec="64" />
                <SequencePoint vc="1" uspid="215" ordinal="4" offset="33" sl="40" sc="13" el="40" ec="46" />
                <SequencePoint vc="1" uspid="216" ordinal="5" offset="46" sl="41" sc="9" el="41" ec="10" />
              </SequencePoints>
              <BranchPoints />
              <MethodPoint xsi:type="SequencePoint" vc="1" uspid="211" ordinal="0" offset="0" sl="35" sc="9" el="35" ec="10" />
            </Method>
            <Method visited="true" cyclomaticComplexity="1" sequenceCoverage="100" branchCoverage="100" isConstructor="false" isStatic="false" isGetter="false" isSetter="false">
              <MetadataToken>100663344</MetadataToken>
              <Name>System.Void Testing.Ciphers.CaeserTest::Decode(System.String,System.String,System.Byte)</Name>
              <FileRef uid="10" />
              <SequencePoints>
                <SequencePoint vc="1" uspid="217" ordinal="0" offset="0" sl="47" sc="9" el="47" ec="10" />
                <SequencePoint vc="1" uspid="218" ordinal="1" offset="1" sl="48" sc="13" el="48" ec="87" />
                <SequencePoint vc="1" uspid="219" ordinal="2" offset="8" sl="49" sc="13" el="49" ec="52" />
                <SequencePoint vc="1" uspid="220" ordinal="3" offset="16" sl="51" sc="13" el="51" ec="59" />
                <SequencePoint vc="1" uspid="221" ordinal="4" offset="29" sl="52" sc="9" el="52" ec="10" />
              </SequencePoints>
              <BranchPoints />
              <MethodPoint xsi:type="SequencePoint" vc="1" uspid="217" ordinal="0" offset="0" sl="47" sc="9" el="47" ec="10" />
            </Method>
            <Method visited="true" cyclomaticComplexity="1" sequenceCoverage="0" branchCoverage="0" isConstructor="true" isStatic="false" isGetter="false" isSetter="false">
              <MetadataToken>100663346</MetadataToken>
              <Name>System.Void Testing.Ciphers.CaeserTest::.ctor()</Name>
              <SequencePoints />
              <BranchPoints />
              <MethodPoint vc="4" uspid="222" ordinal="0" offset="0" />
            </Method>
            <Method visited="true" cyclomaticComplexity="1" sequenceCoverage="100" branchCoverage="100" isConstructor="false" isStatic="true" isGetter="false" isSetter="false">
              <MetadataToken>100663347</MetadataToken>
              <Name>System.Object[] Testing.Ciphers.CaeserTest::&lt;get_Items&gt;b__0(System.Xml.Linq.XElement)</Name>
              <FileRef uid="10" />
              <SequencePoints>
                <SequencePoint vc="3" uspid="223" ordinal="0" offset="0" sl="59" sc="64" el="63" ec="13" />
              </SequencePoints>
              <BranchPoints />
              <MethodPoint xsi:type="SequencePoint" vc="3" uspid="223" ordinal="0" offset="0" sl="59" sc="64" el="63" ec="13" />
            </Method>
          </Methods>
        </Class>
        <Class>
          <FullName>Testing.Ciphers.VigenereTest</FullName>
          <Methods>
            <Method visited="true" cyclomaticComplexity="2" sequenceCoverage="100" branchCoverage="100" isConstructor="false" isStatic="false" isGetter="true" isSetter="false">
              <MetadataToken>100663350</MetadataToken>
              <Name>System.Collections.Generic.IEnumerable`1&lt;System.Object[]&gt; Testing.Ciphers.VigenereTest::get_Items()</Name>
              <FileRef uid="11" />
              <SequencePoints>
                <SequencePoint vc="2" uspid="224" ordinal="0" offset="0" sl="44" sc="10" el="44" ec="11" />
                <SequencePoint vc="2" uspid="225" ordinal="1" offset="1" sl="45" sc="11" el="45" ec="80" />
                <SequencePoint vc="2" uspid="226" ordinal="2" offset="12" sl="46" sc="11" el="50" ec="15" />
                <SequencePoint vc="2" uspid="227" ordinal="3" offset="67" sl="51" sc="10" el="51" ec="11" />
              </SequencePoints>
              <BranchPoints>
                <BranchPoint vc="1" uspid="228" ordinal="0" offset="33" path="0" />
                <BranchPoint vc="1" uspid="229" ordinal="1" offset="33" path="1" />
              </BranchPoints>
              <MethodPoint xsi:type="SequencePoint" vc="2" uspid="224" ordinal="0" offset="0" sl="44" sc="10" el="44" ec="11" />
            </Method>
            <Method visited="true" cyclomaticComplexity="1" sequenceCoverage="100" branchCoverage="100" isConstructor="false" isStatic="false" isGetter="false" isSetter="false">
              <MetadataToken>100663348</MetadataToken>
              <Name>System.Void Testing.Ciphers.VigenereTest::VigenereDecode(System.String,System.String,System.String)</Name>
              <FileRef uid="11" />
              <SequencePoints>
                <SequencePoint vc="1" uspid="230" ordinal="0" offset="0" sl="22" sc="9" el="22" ec="10" />
                <SequencePoint vc="1" uspid="231" ordinal="1" offset="1" sl="23" sc="13" el="23" ec="110" />
                <SequencePoint vc="1" uspid="232" ordinal="2" offset="8" sl="24" sc="13" el="24" ec="98" />
                <SequencePoint vc="1" uspid="233" ordinal="3" offset="21" sl="26" sc="13" el="26" ec="59" />
                <SequencePoint vc="1" uspid="234" ordinal="4" offset="34" sl="27" sc="9" el="27" ec="10" />
              </SequencePoints>
              <BranchPoints />
              <MethodPoint xsi:type="SequencePoint" vc="1" uspid="230" ordinal="0" offset="0" sl="22" sc="9" el="22" ec="10" />
            </Method>
            <Method visited="true" cyclomaticComplexity="1" sequenceCoverage="100" branchCoverage="100" isConstructor="false" isStatic="false" isGetter="false" isSetter="false">
              <MetadataToken>100663349</MetadataToken>
              <Name>System.Void Testing.Ciphers.VigenereTest::VigenereMonogramCrack(System.String,System.String,System.String)</Name>
              <FileRef uid="11" />
              <SequencePoints>
                <SequencePoint vc="1" uspid="235" ordinal="0" offset="0" sl="33" sc="9" el="33" ec="10" />
                <SequencePoint vc="1" uspid="236" ordinal="1" offset="1" sl="34" sc="13" el="34" ec="72" />
                <SequencePoint vc="1" uspid="237" ordinal="2" offset="8" sl="35" sc="13" el="35" ec="67" />
                <SequencePoint vc="1" uspid="238" ordinal="3" offset="16" sl="37" sc="13" el="37" ec="64" />
                <SequencePoint vc="1" uspid="239" ordinal="4" offset="34" sl="38" sc="13" el="38" ec="57" />
                <SequencePoint vc="1" uspid="240" ordinal="5" offset="52" sl="39" sc="9" el="39" ec="10" />
              </SequencePoints>
              <BranchPoints />
              <MethodPoint xsi:type="SequencePoint" vc="1" uspid="235" ordinal="0" offset="0" sl="33" sc="9" el="33" ec="10" />
            </Method>
            <Method visited="true" cyclomaticComplexity="1" sequenceCoverage="0" branchCoverage="0" isConstructor="true" isStatic="false" isGetter="false" isSetter="false">
              <MetadataToken>100663351</MetadataToken>
              <Name>System.Void Testing.Ciphers.VigenereTest::.ctor()</Name>
              <SequencePoints />
              <BranchPoints />
              <MethodPoint vc="3" uspid="241" ordinal="0" offset="0" />
            </Method>
            <Method visited="true" cyclomaticComplexity="1" sequenceCoverage="100" branchCoverage="100" isConstructor="false" isStatic="true" isGetter="false" isSetter="false">
              <MetadataToken>100663352</MetadataToken>
              <Name>System.Object[] Testing.Ciphers.VigenereTest::&lt;get_Items&gt;b__0(System.Xml.Linq.XElement)</Name>
              <FileRef uid="11" />
              <SequencePoints>
                <SequencePoint vc="2" uspid="242" ordinal="0" offset="0" sl="46" sc="64" el="50" ec="13" />
              </SequencePoints>
              <BranchPoints />
              <MethodPoint xsi:type="SequencePoint" vc="2" uspid="242" ordinal="0" offset="0" sl="46" sc="64" el="50" ec="13" />
            </Method>
          </Methods>
        </Class>
        <Class>
          <FullName>Testing.Experimental.DataTestExtensions</FullName>
          <Methods>
            <Method visited="true" cyclomaticComplexity="4" sequenceCoverage="100" branchCoverage="100" isConstructor="false" isStatic="true" isGetter="false" isSetter="false">
              <MetadataToken>100663353</MetadataToken>
              <Name>MathNet.Numerics.LinearAlgebra.Matrix`1&lt;System.Single&gt; Testing.Experimental.DataTestExtensions::DataReadMatrix(System.String)</Name>
              <FileRef uid="12" />
              <SequencePoints>
                <SequencePoint vc="4" uspid="243" ordinal="0" offset="0" sl="19" sc="9" el="19" ec="10" />
                <SequencePoint vc="4" uspid="244" ordinal="1" offset="1" sl="20" sc="13" el="20" ec="54" />
                <SequencePoint vc="4" uspid="245" ordinal="2" offset="41" sl="21" sc="13" el="21" ec="66" />
                <SequencePoint vc="4" uspid="246" ordinal="3" offset="83" sl="23" sc="13" el="25" ec="28" />
                <SequencePoint vc="4" uspid="247" ordinal="4" offset="153" sl="27" sc="13" el="27" ec="67" />
                <SequencePoint vc="4" uspid="248" ordinal="5" offset="169" sl="28" sc="9" el="28" ec="10" />
              </SequencePoints>
              <BranchPoints>
                <BranchPoint vc="1" uspid="249" ordinal="0" offset="7" path="0" />
                <BranchPoint vc="3" uspid="250" ordinal="1" offset="7" path="1" />
                <BranchPoint vc="1" uspid="251" ordinal="2" offset="47" path="0" />
                <BranchPoint vc="3" uspid="252" ordinal="3" offset="47" path="1" />
                <BranchPoint vc="1" uspid="253" ordinal="4" offset="116" path="0" />
                <BranchPoint vc="3" uspid="254" ordinal="5" offset="116" path="1" />
              </BranchPoints>
              <MethodPoint xsi:type="SequencePoint" vc="4" uspid="243" ordinal="0" offset="0" sl="19" sc="9" el="19" ec="10" />
            </Method>
            <Method visited="true" cyclomaticComplexity="1" sequenceCoverage="100" branchCoverage="100" isConstructor="false" isStatic="true" isGetter="false" isSetter="false">
              <MetadataToken>100663354</MetadataToken>
              <Name>System.Boolean Testing.Experimental.DataTestExtensions::&lt;DataReadMatrix&gt;b__0(System.Char)</Name>
              <FileRef uid="12" />
              <SequencePoints>
                <SequencePoint vc="39" uspid="255" ordinal="0" offset="0" sl="20" sc="40" el="20" ec="48" />
              </SequencePoints>
              <BranchPoints />
              <MethodPoint xsi:type="SequencePoint" vc="39" uspid="255" ordinal="0" offset="0" sl="20" sc="40" el="20" ec="48" />
            </Method>
            <Method visited="true" cyclomaticComplexity="1" sequenceCoverage="100" branchCoverage="100" isConstructor="false" isStatic="true" isGetter="false" isSetter="false">
              <MetadataToken>100663355</MetadataToken>
              <Name>System.Boolean Testing.Experimental.DataTestExtensions::&lt;DataReadMatrix&gt;b__1(System.Char)</Name>
              <FileRef uid="12" />
              <SequencePoints>
                <SequencePoint vc="39" uspid="256" ordinal="0" offset="0" sl="21" sc="44" el="21" ec="52" />
              </SequencePoints>
              <BranchPoints />
              <MethodPoint xsi:type="SequencePoint" vc="39" uspid="256" ordinal="0" offset="0" sl="21" sc="44" el="21" ec="52" />
            </Method>
            <Method visited="true" cyclomaticComplexity="1" sequenceCoverage="100" branchCoverage="100" isConstructor="false" isStatic="true" isGetter="false" isSetter="false">
              <MetadataToken>100663356</MetadataToken>
              <Name>System.Single Testing.Experimental.DataTestExtensions::&lt;DataReadMatrix&gt;b__2(System.String)</Name>
              <FileRef uid="12" />
              <SequencePoints>
                <SequencePoint vc="16" uspid="257" ordinal="0" offset="0" sl="24" sc="30" el="24" ec="45" />
              </SequencePoints>
              <BranchPoints />
              <MethodPoint xsi:type="SequencePoint" vc="16" uspid="257" ordinal="0" offset="0" sl="24" sc="30" el="24" ec="45" />
            </Method>
          </Methods>
        </Class>
        <Class>
          <FullName>Testing.Experimental.Tools.MatrixUtils</FullName>
          <Methods>
            <Method visited="true" cyclomaticComplexity="2" sequenceCoverage="100" branchCoverage="50" isConstructor="false" isStatic="false" isGetter="true" isSetter="false">
              <MetadataToken>100663358</MetadataToken>
              <Name>System.Collections.Generic.IEnumerable`1&lt;System.Object[]&gt; Testing.Experimental.Tools.MatrixUtils::get_Items()</Name>
              <FileRef uid="13" />
              <SequencePoints>
                <SequencePoint vc="1" uspid="258" ordinal="0" offset="0" sl="26" sc="10" el="26" ec="11" />
                <SequencePoint vc="1" uspid="259" ordinal="1" offset="1" sl="27" sc="11" el="27" ec="95" />
                <SequencePoint vc="1" uspid="260" ordinal="2" offset="12" sl="28" sc="11" el="31" ec="15" />
                <SequencePoint vc="1" uspid="261" ordinal="3" offset="67" sl="32" sc="10" el="32" ec="11" />
              </SequencePoints>
              <BranchPoints>
                <BranchPoint vc="1" uspid="262" ordinal="0" offset="33" path="0" />
                <BranchPoint vc="0" uspid="263" ordinal="1" offset="33" path="1" />
              </BranchPoints>
              <MethodPoint xsi:type="SequencePoint" vc="1" uspid="258" ordinal="0" offset="0" sl="26" sc="10" el="26" ec="11" />
            </Method>
            <Method visited="true" cyclomaticComplexity="1" sequenceCoverage="100" branchCoverage="100" isConstructor="false" isStatic="false" isGetter="false" isSetter="false">
              <MetadataToken>100663357</MetadataToken>
              <Name>System.Void Testing.Experimental.Tools.MatrixUtils::AdjugateMatrix(MathNet.Numerics.LinearAlgebra.Matrix`1&lt;System.Single&gt;,MathNet.Numerics.LinearAlgebra.Matrix`1&lt;System.Single&gt;)</Name>
              <FileRef uid="13" />
              <SequencePoints>
                <SequencePoint vc="2" uspid="264" ordinal="0" offset="0" sl="19" sc="9" el="19" ec="10" />
                <SequencePoint vc="2" uspid="265" ordinal="1" offset="1" sl="20" sc="13" el="20" ec="68" />
                <SequencePoint vc="2" uspid="266" ordinal="2" offset="24" sl="21" sc="9" el="21" ec="10" />
              </SequencePoints>
              <BranchPoints />
              <MethodPoint xsi:type="SequencePoint" vc="2" uspid="264" ordinal="0" offset="0" sl="19" sc="9" el="19" ec="10" />
            </Method>
            <Method visited="true" cyclomaticComplexity="1" sequenceCoverage="0" branchCoverage="0" isConstructor="true" isStatic="false" isGetter="false" isSetter="false">
              <MetadataToken>100663359</MetadataToken>
              <Name>System.Void Testing.Experimental.Tools.MatrixUtils::.ctor()</Name>
              <SequencePoints />
              <BranchPoints />
              <MethodPoint vc="2" uspid="267" ordinal="0" offset="0" />
            </Method>
            <Method visited="true" cyclomaticComplexity="1" sequenceCoverage="100" branchCoverage="100" isConstructor="false" isStatic="true" isGetter="false" isSetter="false">
              <MetadataToken>100663360</MetadataToken>
              <Name>System.Object[] Testing.Experimental.Tools.MatrixUtils::&lt;get_Items&gt;b__0(System.Xml.Linq.XElement)</Name>
              <FileRef uid="13" />
              <SequencePoints>
                <SequencePoint vc="2" uspid="268" ordinal="0" offset="0" sl="28" sc="62" el="31" ec="13" />
              </SequencePoints>
              <BranchPoints />
              <MethodPoint xsi:type="SequencePoint" vc="2" uspid="268" ordinal="0" offset="0" sl="28" sc="62" el="31" ec="13" />
            </Method>
          </Methods>
        </Class>
        <Class>
          <FullName>Testing.Experimental.Tools.NGramArrayTest</FullName>
          <Methods>
            <Method visited="true" cyclomaticComplexity="2" sequenceCoverage="100" branchCoverage="100" isConstructor="false" isStatic="false" isGetter="true" isSetter="false">
              <MetadataToken>100663363</MetadataToken>
              <Name>System.Collections.Generic.IEnumerable`1&lt;System.Object[]&gt; Testing.Experimental.Tools.NGramArrayTest::get_Items()</Name>
              <FileRef uid="14" />
              <SequencePoints>
                <SequencePoint vc="2" uspid="269" ordinal="0" offset="0" sl="47" sc="10" el="47" ec="11" />
                <SequencePoint vc="2" uspid="270" ordinal="1" offset="1" sl="48" sc="11" el="48" ec="94" />
                <SequencePoint vc="2" uspid="271" ordinal="2" offset="12" sl="49" sc="11" el="51" ec="15" />
                <SequencePoint vc="2" uspid="272" ordinal="3" offset="67" sl="52" sc="10" el="52" ec="11" />
              </SequencePoints>
              <BranchPoints>
                <BranchPoint vc="1" uspid="273" ordinal="0" offset="33" path="0" />
                <BranchPoint vc="1" uspid="274" ordinal="1" offset="33" path="1" />
              </BranchPoints>
              <MethodPoint xsi:type="SequencePoint" vc="2" uspid="269" ordinal="0" offset="0" sl="47" sc="10" el="47" ec="11" />
            </Method>
            <Method visited="true" cyclomaticComplexity="3" sequenceCoverage="100" branchCoverage="50" isConstructor="false" isStatic="false" isGetter="false" isSetter="false">
              <MetadataToken>100663361</MetadataToken>
              <Name>System.Void Testing.Experimental.Tools.NGramArrayTest::NGramArray(System.String)</Name>
              <FileRef uid="14" />
              <SequencePoints>
                <SequencePoint vc="1" uspid="275" ordinal="0" offset="0" sl="18" sc="9" el="18" ec="10" />
                <SequencePoint vc="1" uspid="276" ordinal="1" offset="1" sl="19" sc="13" el="19" ec="54" />
                <SequencePoint vc="1" uspid="277" ordinal="2" offset="8" sl="20" sc="13" el="20" ec="54" />
                <SequencePoint vc="1" uspid="278" ordinal="3" offset="16" sl="22" sc="13" el="22" ec="60" />
                <SequencePoint vc="1" uspid="279" ordinal="4" offset="63" sl="23" sc="13" el="23" ec="14" />
                <SequencePoint vc="1" uspid="280" ordinal="5" offset="64" sl="24" sc="17" el="24" ec="72" />
                <SequencePoint vc="1" uspid="281" ordinal="6" offset="82" sl="25" sc="13" el="25" ec="14" />
                <SequencePoint vc="1" uspid="282" ordinal="7" offset="83" sl="26" sc="9" el="26" ec="10" />
              </SequencePoints>
              <BranchPoints>
                <BranchPoint vc="1" uspid="283" ordinal="0" offset="22" path="0" />
                <BranchPoint vc="0" uspid="284" ordinal="1" offset="22" path="1" />
                <BranchPoint vc="1" uspid="285" ordinal="2" offset="61" path="0" />
                <BranchPoint vc="0" uspid="286" ordinal="3" offset="61" path="1" />
              </BranchPoints>
              <MethodPoint xsi:type="SequencePoint" vc="1" uspid="275" ordinal="0" offset="0" sl="18" sc="9" el="18" ec="10" />
            </Method>
            <Method visited="true" cyclomaticComplexity="3" sequenceCoverage="100" branchCoverage="50" isConstructor="false" isStatic="false" isGetter="false" isSetter="false">
              <MetadataToken>100663362</MetadataToken>
              <Name>System.Void Testing.Experimental.Tools.NGramArrayTest::NGramArrayScoring(System.String)</Name>
              <FileRef uid="14" />
              <SequencePoints>
                <SequencePoint vc="1" uspid="287" ordinal="0" offset="0" sl="32" sc="9" el="32" ec="10" />
                <SequencePoint vc="1" uspid="288" ordinal="1" offset="1" sl="33" sc="13" el="33" ec="82" />
                <SequencePoint vc="1" uspid="289" ordinal="2" offset="8" sl="34" sc="13" el="34" ec="82" />
                <SequencePoint vc="1" uspid="290" ordinal="3" offset="16" sl="36" sc="13" el="36" ec="60" />
                <SequencePoint vc="1" uspid="291" ordinal="4" offset="63" sl="37" sc="13" el="37" ec="14" />
                <SequencePoint vc="1" uspid="292" ordinal="5" offset="64" sl="38" sc="17" el="38" ec="72" />
                <SequencePoint vc="1" uspid="293" ordinal="6" offset="82" sl="39" sc="13" el="39" ec="14" />
                <SequencePoint vc="1" uspid="294" ordinal="7" offset="83" sl="41" sc="13" el="41" ec="70" />
                <SequencePoint vc="1" uspid="295" ordinal="8" offset="111" sl="42" sc="9" el="42" ec="10" />
              </SequencePoints>
              <BranchPoints>
                <BranchPoint vc="1" uspid="296" ordinal="0" offset="22" path="0" />
                <BranchPoint vc="0" uspid="297" ordinal="1" offset="22" path="1" />
                <BranchPoint vc="1" uspid="298" ordinal="2" offset="61" path="0" />
                <BranchPoint vc="0" uspid="299" ordinal="3" offset="61" path="1" />
              </BranchPoints>
              <MethodPoint xsi:type="SequencePoint" vc="1" uspid="287" ordinal="0" offset="0" sl="32" sc="9" el="32" ec="10" />
            </Method>
            <Method visited="true" cyclomaticComplexity="1" sequenceCoverage="0" branchCoverage="0" isConstructor="true" isStatic="false" isGetter="false" isSetter="false">
              <MetadataToken>100663364</MetadataToken>
              <Name>System.Void Testing.Experimental.Tools.NGramArrayTest::.ctor()</Name>
              <SequencePoints />
              <BranchPoints />
[...]
              <MethodPoint xsi:type="SequencePoint" vc="0" uspid="2260" ordinal="0" offset="0" sl="68" sc="9" el="68" ec="10" />
            </Method>
            <Method visited="false" cyclomaticComplexity="1" sequenceCoverage="0" branchCoverage="0" isConstructor="false" isStatic="false" isGetter="false" isSetter="false">
              <MetadataToken>100663325</MetadataToken>
              <Name>System.Double Cipher.Text.NGramArray::ScoreText()</Name>
              <FileRef uid="96" />
              <SequencePoints>
                <SequencePoint vc="0" uspid="2277" ordinal="0" offset="0" sl="82" sc="9" el="82" ec="10" />
                <SequencePoint vc="0" uspid="2278" ordinal="1" offset="1" sl="83" sc="13" el="83" ec="49" />
              </SequencePoints>
              <BranchPoints />
              <MethodPoint xsi:type="SequencePoint" vc="0" uspid="2277" ordinal="0" offset="0" sl="82" sc="9" el="82" ec="10" />
            </Method>
            <Method visited="true" cyclomaticComplexity="4" sequenceCoverage="100" branchCoverage="83" isConstructor="false" isStatic="false" isGetter="false" isSetter="false">
              <MetadataToken>100663327</MetadataToken>
              <Name>System.String Cipher.Text.NGramArray::ToString()</Name>
              <FileRef uid="96" />
              <SequencePoints>
                <SequencePoint vc="2" uspid="2279" ordinal="0" offset="0" sl="99" sc="9" el="99" ec="10" />
                <SequencePoint vc="2" uspid="2280" ordinal="1" offset="1" sl="100" sc="13" el="100" ec="87" />
                <SequencePoint vc="2" uspid="2281" ordinal="2" offset="22" sl="101" sc="13" el="101" ec="20" />
                <SequencePoint vc="2" uspid="2282" ordinal="3" offset="23" sl="101" sc="45" el="101" ec="55" />
                <SequencePoint vc="10" uspid="2283" ordinal="4" offset="36" sl="101" sc="22" el="101" ec="41" />
                <SequencePoint vc="10" uspid="2284" ordinal="5" offset="42" sl="102" sc="13" el="102" ec="14" />
                <SequencePoint vc="10" uspid="2285" ordinal="6" offset="43" sl="103" sc="17" el="103" ec="24" />
                <SequencePoint vc="10" uspid="2286" ordinal="7" offset="44" sl="103" sc="44" el="103" ec="61" />
                <SequencePoint vc="20" uspid="2287" ordinal="8" offset="59" sl="103" sc="25" el="103" ec="40" />
                <SequencePoint vc="20" uspid="2288" ordinal="9" offset="68" sl="104" sc="17" el="104" ec="18" />
                <SequencePoint vc="20" uspid="2289" ordinal="10" offset="69" sl="105" sc="21" el="105" ec="60" />
                <SequencePoint vc="20" uspid="2290" ordinal="11" offset="84" sl="106" sc="17" el="106" ec="18" />
                <SequencePoint vc="30" uspid="2291" ordinal="12" offset="85" sl="103" sc="41" el="103" ec="43" />
                <SequencePoint vc="10" uspid="2292" ordinal="13" offset="121" sl="107" sc="13" el="107" ec="14" />
                <SequencePoint vc="12" uspid="2293" ordinal="14" offset="128" sl="101" sc="42" el="101" ec="44" />
                <SequencePoint vc="2" uspid="2294" ordinal="15" offset="142" sl="109" sc="13" el="109" ec="38" />
                <SequencePoint vc="2" uspid="2295" ordinal="16" offset="151" sl="110" sc="9" el="110" ec="10" />
              </SequencePoints>
              <BranchPoints>
                <BranchPoint vc="10" uspid="2296" ordinal="0" offset="96" path="0" />
                <BranchPoint vc="20" uspid="2297" ordinal="1" offset="96" path="1" />
                <BranchPoint vc="10" uspid="2298" ordinal="2" offset="109" path="0" />
                <BranchPoint vc="0" uspid="2299" ordinal="3" offset="109" path="1" />
                <BranchPoint vc="2" uspid="2300" ordinal="4" offset="140" path="0" />
                <BranchPoint vc="10" uspid="2301" ordinal="5" offset="140" path="1" />
              </BranchPoints>
              <MethodPoint xsi:type="SequencePoint" vc="2" uspid="2279" ordinal="0" offset="0" sl="99" sc="9" el="99" ec="10" />
            </Method>
            <Method visited="false" cyclomaticComplexity="1" sequenceCoverage="0" branchCoverage="0" isConstructor="false" isStatic="false" isGetter="false" isSetter="false">
              <MetadataToken>100663328</MetadataToken>
              <Name>System.String Cipher.Text.NGramArray::Substring(System.Int32,System.Int32)</Name>
              <FileRef uid="96" />
              <SequencePoints>
                <SequencePoint vc="0" uspid="2302" ordinal="0" offset="0" sl="117" sc="9" el="117" ec="10" />
                <SequencePoint vc="0" uspid="2303" ordinal="1" offset="1" sl="118" sc="13" el="118" ec="56" />
                <SequencePoint vc="0" uspid="2304" ordinal="2" offset="17" sl="119" sc="9" el="119" ec="10" />
              </SequencePoints>
              <BranchPoints />
              <MethodPoint xsi:type="SequencePoint" vc="0" uspid="2302" ordinal="0" offset="0" sl="117" sc="9" el="117" ec="10" />
            </Method>
            <Method visited="true" cyclomaticComplexity="1" sequenceCoverage="0" branchCoverage="0" isConstructor="false" isStatic="false" isGetter="false" isSetter="false">
              <MetadataToken>100663329</MetadataToken>
              <Name>System.Collections.Generic.IEnumerator`1&lt;System.Single&gt; Cipher.Text.NGramArray::GetEnumerator()</Name>
              <SequencePoints />
              <BranchPoints />
              <MethodPoint vc="1" uspid="2305" ordinal="0" offset="0" />
            </Method>
            <Method visited="false" cyclomaticComplexity="1" sequenceCoverage="0" branchCoverage="0" isConstructor="false" isStatic="false" isGetter="false" isSetter="false">
              <MetadataToken>100663330</MetadataToken>
              <Name>System.Collections.IEnumerator Cipher.Text.NGramArray::System.Collections.IEnumerable.GetEnumerator()</Name>
              <FileRef uid="96" />
              <SequencePoints>
                <SequencePoint vc="0" uspid="2306" ordinal="0" offset="0" sl="136" sc="9" el="136" ec="10" />
                <SequencePoint vc="0" uspid="2307" ordinal="1" offset="1" sl="137" sc="13" el="137" ec="36" />
                <SequencePoint vc="0" uspid="2308" ordinal="2" offset="10" sl="138" sc="9" el="138" ec="10" />
              </SequencePoints>
              <BranchPoints />
              <MethodPoint xsi:type="SequencePoint" vc="0" uspid="2306" ordinal="0" offset="0" sl="136" sc="9" el="136" ec="10" />
            </Method>
          </Methods>
        </Class>
        <Class>
          <FullName>Cipher.Text.NGramArray/&lt;GetEnumerator&gt;d__0</FullName>
          <Methods>
            <Method visited="true" cyclomaticComplexity="1" sequenceCoverage="0" branchCoverage="0" isConstructor="false" isStatic="false" isGetter="true" isSetter="false">
              <MetadataToken>100663339</MetadataToken>
              <Name>System.Single Cipher.Text.NGramArray/&lt;GetEnumerator&gt;d__0::System.Collections.Generic.IEnumerator&lt;System.Single&gt;.get_Current()</Name>
              <SequencePoints />
              <BranchPoints />
              <MethodPoint vc="10" uspid="2309" ordinal="0" offset="0" />
            </Method>
            <Method visited="false" cyclomaticComplexity="1" sequenceCoverage="0" branchCoverage="0" isConstructor="false" isStatic="false" isGetter="true" isSetter="false">
              <MetadataToken>100663342</MetadataToken>
              <Name>System.Object Cipher.Text.NGramArray/&lt;GetEnumerator&gt;d__0::System.Collections.IEnumerator.get_Current()</Name>
              <SequencePoints />
              <BranchPoints />
              <MethodPoint vc="0" uspid="2310" ordinal="0" offset="0" />
            </Method>
            <Method visited="true" cyclomaticComplexity="6" sequenceCoverage="100" branchCoverage="85" isConstructor="false" isStatic="false" isGetter="false" isSetter="false">
              <MetadataToken>100663338</MetadataToken>
              <Name>System.Boolean Cipher.Text.NGramArray/&lt;GetEnumerator&gt;d__0::MoveNext()</Name>
              <FileRef uid="96" />
              <SequencePoints>
                <SequencePoint vc="1" uspid="2311" ordinal="0" offset="39" sl="122" sc="9" el="122" ec="10" />
                <SequencePoint vc="1" uspid="2312" ordinal="1" offset="40" sl="123" sc="13" el="123" ec="43" />
                <SequencePoint vc="1" uspid="2313" ordinal="2" offset="57" sl="124" sc="13" el="124" ec="53" />
                <SequencePoint vc="1" uspid="2314" ordinal="3" offset="74" sl="125" sc="17" el="125" ec="32" />
                <SequencePoint vc="5" uspid="2315" ordinal="4" offset="83" sl="126" sc="13" el="126" ec="14" />
                <SequencePoint vc="5" uspid="2316" ordinal="5" offset="84" sl="127" sc="17" el="127" ec="60" />
                <SequencePoint vc="5" uspid="2317" ordinal="6" offset="103" sl="128" sc="21" el="128" ec="33" />
                <SequencePoint vc="10" uspid="2318" ordinal="7" offset="112" sl="129" sc="17" el="129" ec="18" />
                <SequencePoint vc="10" uspid="2319" ordinal="8" offset="113" sl="130" sc="21" el="130" ec="50" />
                <SequencePoint vc="10" uspid="2320" ordinal="9" offset="155" sl="131" sc="17" el="131" ec="18" />
                <SequencePoint vc="10" uspid="2321" ordinal="10" offset="156" sl="128" sc="53" el="128" ec="58" />
                <SequencePoint vc="15" uspid="2322" ordinal="11" offset="170" sl="128" sc="34" el="128" ec="51" />
                <SequencePoint vc="5" uspid="2323" ordinal="12" offset="188" sl="132" sc="13" el="132" ec="14" />
                <SequencePoint vc="5" uspid="2324" ordinal="13" offset="189" sl="125" sc="61" el="125" ec="69" />
                <SequencePoint vc="6" uspid="2325" ordinal="14" offset="203" sl="125" sc="33" el="125" ec="59" />
                <SequencePoint vc="1" uspid="2326" ordinal="15" offset="226" sl="133" sc="9" el="133" ec="10" />
              </SequencePoints>
              <BranchPoints>
                <BranchPoint vc="0" uspid="2328" ordinal="0" offset="8" path="0" />
                <BranchPoint vc="1" uspid="2329" ordinal="1" offset="8" path="1" />
                <BranchPoint vc="10" uspid="2330" ordinal="2" offset="8" path="2" />
                <BranchPoint vc="5" uspid="2331" ordinal="3" offset="186" path="0" />
                <BranchPoint vc="10" uspid="2332" ordinal="4" offset="186" path="1" />
                <BranchPoint vc="1" uspid="2333" ordinal="5" offset="221" path="0" />
                <BranchPoint vc="5" uspid="2334" ordinal="6" offset="221" path="1" />
              </BranchPoints>
              <MethodPoint vc="11" uspid="2327" ordinal="0" offset="0" />
            </Method>
            <Method visited="false" cyclomaticComplexity="1" sequenceCoverage="0" branchCoverage="0" isConstructor="false" isStatic="false" isGetter="false" isSetter="false">
              <MetadataToken>100663340</MetadataToken>
              <Name>System.Void Cipher.Text.NGramArray/&lt;GetEnumerator&gt;d__0::System.Collections.IEnumerator.Reset()</Name>
              <SequencePoints />
              <BranchPoints />
              <MethodPoint vc="0" uspid="2335" ordinal="0" offset="0" />
            </Method>
            <Method visited="false" cyclomaticComplexity="1" sequenceCoverage="0" branchCoverage="0" isConstructor="false" isStatic="false" isGetter="false" isSetter="false">
              <MetadataToken>100663341</MetadataToken>
              <Name>System.Void Cipher.Text.NGramArray/&lt;GetEnumerator&gt;d__0::System.IDisposable.Dispose()</Name>
              <SequencePoints />
              <BranchPoints />
              <MethodPoint vc="0" uspid="2336" ordinal="0" offset="0" />
            </Method>
            <Method visited="true" cyclomaticComplexity="1" sequenceCoverage="0" branchCoverage="0" isConstructor="true" isStatic="false" isGetter="false" isSetter="false">
              <MetadataToken>100663343</MetadataToken>
              <Name>System.Void Cipher.Text.NGramArray/&lt;GetEnumerator&gt;d__0::.ctor(System.Int32)</Name>
              <SequencePoints />
              <BranchPoints />
              <MethodPoint vc="1" uspid="2337" ordinal="0" offset="0" />
            </Method>
          </Methods>
        </Class>
        <Class>
          <FullName>Cipher.Text.QuadgramScoredNGramArray</FullName>
          <Methods>
            <Method visited="false" cyclomaticComplexity="1" sequenceCoverage="0" branchCoverage="0" isConstructor="true" isStatic="false" isGetter="false" isSetter="false">
              <MetadataToken>100663331</MetadataToken>
              <Name>System.Void Cipher.Text.QuadgramScoredNGramArray::.ctor()</Name>
              <FileRef uid="98" />
              <SequencePoints>
                <SequencePoint vc="0" uspid="2338" ordinal="0" offset="0" sl="12" sc="9" el="12" ec="52" />
                <SequencePoint vc="0" uspid="2339" ordinal="1" offset="8" sl="12" sc="53" el="12" ec="54" />
                <SequencePoint vc="0" uspid="2340" ordinal="2" offset="9" sl="12" sc="55" el="12" ec="56" />
              </SequencePoints>
              <BranchPoints />
              <MethodPoint xsi:type="SequencePoint" vc="0" uspid="2338" ordinal="0" offset="0" sl="12" sc="9" el="12" ec="52" />
            </Method>
            <Method visited="false" cyclomaticComplexity="1" sequenceCoverage="0" branchCoverage="0" isConstructor="true" isStatic="false" isGetter="false" isSetter="false">
              <MetadataToken>100663332</MetadataToken>
              <Name>System.Void Cipher.Text.QuadgramScoredNGramArray::.ctor(System.Int32)</Name>
              <FileRef uid="98" />
              <SequencePoints>
                <SequencePoint vc="0" uspid="2341" ordinal="0" offset="0" sl="13" sc="9" el="13" ec="81" />
                <SequencePoint vc="0" uspid="2342" ordinal="1" offset="8" sl="13" sc="82" el="13" ec="83" />
                <SequencePoint vc="0" uspid="2343" ordinal="2" offset="9" sl="13" sc="84" el="13" ec="85" />
              </SequencePoints>
              <BranchPoints />
              <MethodPoint xsi:type="SequencePoint" vc="0" uspid="2341" ordinal="0" offset="0" sl="13" sc="9" el="13" ec="81" />
            </Method>
            <Method visited="true" cyclomaticComplexity="1" sequenceCoverage="100" branchCoverage="100" isConstructor="true" isStatic="false" isGetter="false" isSetter="false">
              <MetadataToken>100663333</MetadataToken>
              <Name>System.Void Cipher.Text.QuadgramScoredNGramArray::.ctor(System.String,System.Int32)</Name>
              <FileRef uid="98" />
              <SequencePoints>
                <SequencePoint vc="1" uspid="2344" ordinal="0" offset="0" sl="14" sc="9" el="15" ec="37" />
                <SequencePoint vc="1" uspid="2345" ordinal="1" offset="9" sl="16" sc="9" el="16" ec="10" />
                <SequencePoint vc="1" uspid="2346" ordinal="2" offset="10" sl="16" sc="11" el="16" ec="12" />
              </SequencePoints>
              <BranchPoints />
              <MethodPoint xsi:type="SequencePoint" vc="1" uspid="2344" ordinal="0" offset="0" sl="14" sc="9" el="15" ec="37" />
            </Method>
            <Method visited="false" cyclomaticComplexity="1" sequenceCoverage="0" branchCoverage="0" isConstructor="true" isStatic="false" isGetter="false" isSetter="false">
              <MetadataToken>100663334</MetadataToken>
              <Name>System.Void Cipher.Text.QuadgramScoredNGramArray::.ctor(System.Int32,System.Int32)</Name>
              <FileRef uid="98" />
              <SequencePoints>
                <SequencePoint vc="0" uspid="2347" ordinal="0" offset="0" sl="17" sc="9" el="18" ec="39" />
                <SequencePoint vc="0" uspid="2348" ordinal="1" offset="9" sl="19" sc="9" el="19" ec="10" />
                <SequencePoint vc="0" uspid="2349" ordinal="2" offset="10" sl="19" sc="11" el="19" ec="12" />
              </SequencePoints>
              <BranchPoints />
              <MethodPoint xsi:type="SequencePoint" vc="0" uspid="2347" ordinal="0" offset="0" sl="17" sc="9" el="18" ec="39" />
            </Method>
            <Method visited="true" cyclomaticComplexity="4" sequenceCoverage="95" branchCoverage="83" isConstructor="false" isStatic="false" isGetter="false" isSetter="false">
              <MetadataToken>100663335</MetadataToken>
              <Name>System.Double Cipher.Text.QuadgramScoredNGramArray::ScoreText()</Name>
              <FileRef uid="98" />
              <SequencePoints>
                <SequencePoint vc="1" uspid="2350" ordinal="0" offset="0" sl="22" sc="9" el="22" ec="10" />
                <SequencePoint vc="1" uspid="2351" ordinal="1" offset="1" sl="23" sc="13" el="23" ec="28" />
                <SequencePoint vc="0" uspid="2352" ordinal="2" offset="19" sl="23" sc="29" el="23" ec="38" />
                <SequencePoint vc="1" uspid="2353" ordinal="3" offset="35" sl="25" sc="13" el="25" ec="30" />
                <SequencePoint vc="1" uspid="2354" ordinal="4" offset="45" sl="26" sc="13" el="26" ec="61" />
                <SequencePoint vc="1" uspid="2355" ordinal="5" offset="51" sl="29" sc="13" el="29" ec="61" />
                <SequencePoint vc="1" uspid="2356" ordinal="6" offset="58" sl="30" sc="13" el="30" ec="41" />
                <SequencePoint vc="1" uspid="2357" ordinal="7" offset="65" sl="32" sc="18" el="32" ec="28" />
                <SequencePoint vc="3" uspid="2358" ordinal="8" offset="70" sl="33" sc="13" el="33" ec="14" />
                <SequencePoint vc="3" uspid="2359" ordinal="9" offset="71" sl="34" sc="17" el="34" ec="39" />
                <SequencePoint vc="3" uspid="2360" ordinal="10" offset="78" sl="35" sc="17" el="35" ec="79" />
                <SequencePoint vc="3" uspid="2361" ordinal="11" offset="110" sl="36" sc="13" el="36" ec="14" />
                <SequencePoint vc="3" uspid="2362" ordinal="12" offset="111" sl="32" sc="36" el="32" ec="39" />
                <SequencePoint vc="4" uspid="2363" ordinal="13" offset="117" sl="32" sc="29" el="32" ec="34" />
                <SequencePoint vc="7" uspid="2364" ordinal="14" offset="130" sl="40" sc="13" el="40" ec="14" />
                <SequencePoint vc="7" uspid="2365" ordinal="15" offset="131" sl="41" sc="17" el="41" ec="61" />
                <SequencePoint vc="7" uspid="2366" ordinal="16" offset="140" sl="42" sc="17" el="44" ec="19" />
                <SequencePoint vc="7" uspid="2367" ordinal="17" offset="159" sl="46" sc="17" el="46" ec="48" />
                <SequencePoint vc="7" uspid="2368" ordinal="18" offset="168" sl="47" sc="17" el="47" ec="48" />
                <SequencePoint vc="7" uspid="2369" ordinal="19" offset="177" sl="48" sc="17" el="48" ec="50" />
                <SequencePoint vc="7" uspid="2370" ordinal="20" offset="185" sl="49" sc="13" el="49" ec="14" />
                <SequencePoint vc="8" uspid="2371" ordinal="21" offset="186" sl="39" sc="13" el="39" ec="41" />
                <SequencePoint vc="1" uspid="2372" ordinal="22" offset="198" sl="51" sc="13" el="51" ec="26" />
                <SequencePoint vc="1" uspid="2373" ordinal="23" offset="203" sl="52" sc="9" el="52" ec="10" />
              </SequencePoints>
              <BranchPoints>
                <BranchPoint vc="0" uspid="2374" ordinal="0" offset="17" path="0" />
                <BranchPoint vc="1" uspid="2375" ordinal="1" offset="17" path="1" />
                <BranchPoint vc="1" uspid="2376" ordinal="2" offset="126" path="0" />
                <BranchPoint vc="3" uspid="2377" ordinal="3" offset="126" path="1" />
                <BranchPoint vc="1" uspid="2378" ordinal="4" offset="196" path="0" />
                <BranchPoint vc="7" uspid="2379" ordinal="5" offset="196" path="1" />
              </BranchPoints>
              <MethodPoint xsi:type="SequencePoint" vc="1" uspid="2350" ordinal="0" offset="0" sl="22" sc="9" el="22" ec="10" />
            </Method>
          </Methods>
        </Class>
      </Classes>
    </Module>
  </Modules>
</CoverageSession>